

Microchip MPLAB XC8 Assembler V2.10 build 88905656 
                                                                                               Sat Feb 27 11:25:36 2021

Microchip MPLAB XC8 C Compiler v2.10 (Free license) build 20190730164152 Og9 
     1                           	processor	18F4520
     2                           	fnconf	rparam,??,?,0
     3                           	opt	pw 120
     4                           	opt	flic
     5                           	psect	cinit,global,reloc=2,class=CODE,delta=1
     6                           	psect	cstackCOMRAM,global,class=COMRAM,space=1,delta=1,noexec
     7                           	psect	text0,global,reloc=2,class=CODE,delta=1
     8                           	psect	intsave_regs,global,class=BIGRAM,space=1,delta=1,noexec
     9                           	psect	rparam,global,class=COMRAM,space=1,delta=1,noexec
    10  0000                     
    11                           ; Version 2.10
    12                           ; Generated 31/07/2019 GMT
    13                           ; 
    14                           ; Copyright © 2019, Microchip Technology Inc. and its subsidiaries ("Microchip")
    15                           ; All rights reserved.
    16                           ; 
    17                           ; This software is developed by Microchip Technology Inc. and its subsidiaries ("Microch
      +                          ip").
    18                           ; 
    19                           ; Redistribution and use in source and binary forms, with or without modification, are
    20                           ; permitted provided that the following conditions are met:
    21                           ; 
    22                           ;     1. Redistributions of source code must retain the above copyright notice, this lis
      +                          t of
    23                           ;        conditions and the following disclaimer.
    24                           ; 
    25                           ;     2. Redistributions in binary form must reproduce the above copyright notice, this 
      +                          list
    26                           ;        of conditions and the following disclaimer in the documentation and/or other
    27                           ;        materials provided with the distribution.
    28                           ; 
    29                           ;     3. Microchip's name may not be used to endorse or promote products derived from th
      +                          is
    30                           ;        software without specific prior written permission.
    31                           ; 
    32                           ; THIS SOFTWARE IS PROVIDED BY MICROCHIP "AS IS" AND ANY EXPRESS OR IMPLIED WARRANTIES,
    33                           ; INCLUDING, BUT NOT LIMITED TO, THE IMPLIED WARRANTIES OF MERCHANTABILITY AND FITNESS F
      +                          OR
    34                           ; PURPOSE ARE DISCLAIMED.  IN NO EVENT SHALL MICROCHIP BE LIABLE FOR ANY DIRECT, INDIREC
      +                          T,
    35                           ; INCIDENTAL, SPECIAL, EXEMPLARY, OR CONSEQUENTIAL DAMAGES (INCLUDING BUT NOT LIMITED TO
    36                           ; PROCUREMENT OF SUBSTITUTE GOODS OR SERVICES; LOSS OF USE, DATA OR PROFITS; OR BUSINESS
    37                           ; INTERRUPTION) HOWSOEVER CAUSED AND ON ANY THEORY OF LIABILITY, WHETHER IN CONTRACT, ST
      +                          RICT
    38                           ; LIABILITY, OR TORT (INCLUDING NEGLIGENCE OR OTHERWISE) ARISING IN ANY WAY OUT OF THE U
      +                          SE OF
    39                           ; THIS SOFTWARE, EVEN IF ADVISED OF THE POSSIBILITY OF SUCH DAMAGE.
    40                           ; 
    41                           ; 
    42                           ; Code-generator required, PIC18F4520 Definitions
    43                           ; 
    44                           ; SFR Addresses
    45  0000                     _ADRES	set	4035
    46  0000                     _CCPR1L	set	4030
    47  0000                     _CCP1CONbits	set	4029
    48  0000                     _PR2	set	4043
    49  0000                     _T2CONbits	set	4042
    50  0000                     _ADCON2bits	set	4032
    51  0000                     _ADCON1bits	set	4033
    52  0000                     _ADCON0bits	set	4034
    53  0000                     _TRISCbits	set	3988
    54  0000                     _TRISAbits	set	3986
    55                           
    56                           ; #config settings
    57  0000                     
    58                           	psect	cinit
    59  007F90                     __pcinit:
    60                           	opt callstack 0
    61  007F90                     start_initialization:
    62                           	opt callstack 0
    63  007F90                     __initialization:
    64                           	opt callstack 0
    65  007F90                     end_of_initialization:
    66                           	opt callstack 0
    67  007F90                     __end_of__initialization:
    68                           	opt callstack 0
    69  007F90  0100               	movlb	0
    70  007F92  EFCB  F03F         	goto	_main	;jump to C main() function
    71                           
    72                           	psect	cstackCOMRAM
    73  000001                     __pcstackCOMRAM:
    74                           	opt callstack 0
    75  000001                     ??_main:
    76                           
    77                           ; 1 bytes @ 0x0
    78  000001                     	ds	3
    79                           
    80 ;;
    81 ;;Main: autosize = 0, tempsize = 3, incstack = 0, save=0
    82 ;;
    83 ;; *************** function _main *****************
    84 ;; Defined at:
    85 ;;		line 11 in file "main.c"
    86 ;; Parameters:    Size  Location     Type
    87 ;;		None
    88 ;; Auto vars:     Size  Location     Type
    89 ;;		None
    90 ;; Return value:  Size  Location     Type
    91 ;;                  1    wreg      void 
    92 ;; Registers used:
    93 ;;		wreg, status,2, status,0
    94 ;; Tracked objects:
    95 ;;		On entry : 0/0
    96 ;;		On exit  : 0/0
    97 ;;		Unchanged: 0/0
    98 ;; Data sizes:     COMRAM   BANK0   BANK1   BANK2   BANK3   BANK4   BANK5
    99 ;;      Params:         0       0       0       0       0       0       0
   100 ;;      Locals:         0       0       0       0       0       0       0
   101 ;;      Temps:          3       0       0       0       0       0       0
   102 ;;      Totals:         3       0       0       0       0       0       0
   103 ;;Total ram usage:        3 bytes
   104 ;; This function calls:
   105 ;;		Nothing
   106 ;; This function is called by:
   107 ;;		Startup code after reset
   108 ;; This function uses a non-reentrant model
   109 ;;
   110                           
   111                           	psect	text0
   112  007F96                     __ptext0:
   113                           	opt callstack 0
   114  007F96                     _main:
   115                           	opt callstack 31
   116                           
   117                           ;main.c: 14: TRISAbits.RA0 = 1;
   118                           
   119                           ;incstack = 0
   120  007F96  8092               	bsf	146,0,c	;volatile
   121                           
   122                           ;main.c: 15: TRISCbits.RC2 = 0;
   123  007F98  9494               	bcf	148,2,c	;volatile
   124                           
   125                           ;main.c: 18: ADCON0bits.CHS = 0b0000;
   126  007F9A  0EC3               	movlw	-61
   127  007F9C  16C2               	andwf	194,f,c	;volatile
   128                           
   129                           ;main.c: 19: ADCON0bits.GO = 0;
   130  007F9E  92C2               	bcf	194,1,c	;volatile
   131                           
   132                           ;main.c: 20: ADCON0bits.ADON = 1;
   133  007FA0  80C2               	bsf	194,0,c	;volatile
   134                           
   135                           ;main.c: 21: ADCON1bits.VCFG = 0b00;
   136  007FA2  0ECF               	movlw	-49
   137  007FA4  16C1               	andwf	193,f,c	;volatile
   138                           
   139                           ;main.c: 22: ADCON1bits.PCFG = 0b1110;
   140  007FA6  50C1               	movf	193,w,c	;volatile
   141  007FA8  0BF0               	andlw	-16
   142  007FAA  090E               	iorlw	14
   143  007FAC  6EC1               	movwf	193,c	;volatile
   144                           
   145                           ;main.c: 23: ADCON2bits.ADFM = 1;
   146  007FAE  8EC0               	bsf	192,7,c	;volatile
   147                           
   148                           ;main.c: 24: ADCON2bits.ACQT = 0b010;
   149  007FB0  50C0               	movf	192,w,c	;volatile
   150  007FB2  0BC7               	andlw	-57
   151  007FB4  0910               	iorlw	16
   152  007FB6  6EC0               	movwf	192,c	;volatile
   153                           
   154                           ;main.c: 25: ADCON2bits.ADCS = 0b100;
   155  007FB8  50C0               	movf	192,w,c	;volatile
   156  007FBA  0BF8               	andlw	-8
   157  007FBC  0904               	iorlw	4
   158  007FBE  6EC0               	movwf	192,c	;volatile
   159                           
   160                           ;main.c: 28: T2CONbits.T2CKPS = 0b01;
   161  007FC0  50CA               	movf	202,w,c	;volatile
   162  007FC2  0BFC               	andlw	-4
   163  007FC4  0901               	iorlw	1
   164  007FC6  6ECA               	movwf	202,c	;volatile
   165                           
   166                           ;main.c: 29: T2CONbits.T2OUTPS = 0b0000;
   167  007FC8  0E87               	movlw	-121
   168  007FCA  16CA               	andwf	202,f,c	;volatile
   169                           
   170                           ;main.c: 30: T2CONbits.TMR2ON = 1;
   171  007FCC  84CA               	bsf	202,2,c	;volatile
   172                           
   173                           ;main.c: 31: PR2 = 99;
   174  007FCE  0E63               	movlw	99
   175  007FD0  6ECB               	movwf	203,c	;volatile
   176                           
   177                           ;main.c: 34: CCP1CONbits.CCP1M = 0b1100;
   178  007FD2  50BD               	movf	189,w,c	;volatile
   179  007FD4  0BF0               	andlw	-16
   180  007FD6  090C               	iorlw	12
   181  007FD8  6EBD               	movwf	189,c	;volatile
   182  007FDA                     l791:
   183                           
   184                           ;main.c: 38: ADCON0bits.GO = 1;
   185  007FDA  82C2               	bsf	194,1,c	;volatile
   186  007FDC                     l26:
   187  007FDC  A2C2               	btfss	194,1,c	;volatile
   188  007FDE  D7FE               	goto	l26
   189                           
   190                           ;main.c: 41: CCPR1L = ADRES / 16;
   191  007FE0  CFC3 F001          	movff	4035,??_main	;volatile
   192  007FE4  CFC4 F002          	movff	4036,??_main+1	;volatile
   193  007FE8  0E04               	movlw	4
   194  007FEA  6E03               	movwf	(??_main+2)^0,c
   195  007FEC                     u25:
   196  007FEC  90D8               	bcf	status,0,c
   197  007FEE  3202               	rrcf	(??_main+1)^0,f,c
   198  007FF0  3201               	rrcf	??_main^0,f,c
   199  007FF2  2E03               	decfsz	(??_main+2)^0,f,c
   200  007FF4  D7FB               	goto	u25
   201  007FF6  5001               	movf	??_main^0,w,c
   202  007FF8  6EBE               	movwf	190,c	;volatile
   203                           
   204                           ;main.c: 42: CCP1CONbits.DC1B = 0b00;
   205  007FFA  0ECF               	movlw	-49
   206  007FFC  16BD               	andwf	189,f,c	;volatile
   207  007FFE  D7ED               	goto	l791
   208  008000                     __end_of_main:
   209                           	opt callstack 0
   210  0000                     
   211                           	psect	rparam
   212  0000                     tosu	equ	0xFFF
   213                           tosh	equ	0xFFE
   214                           tosl	equ	0xFFD
   215                           stkptr	equ	0xFFC
   216                           pclatu	equ	0xFFB
   217                           pclath	equ	0xFFA
   218                           pcl	equ	0xFF9
   219                           tblptru	equ	0xFF8
   220                           tblptrh	equ	0xFF7
   221                           tblptrl	equ	0xFF6
   222                           tablat	equ	0xFF5
   223                           prodh	equ	0xFF4
   224                           prodl	equ	0xFF3
   225                           indf0	equ	0xFEF
   226                           postinc0	equ	0xFEE
   227                           postdec0	equ	0xFED
   228                           preinc0	equ	0xFEC
   229                           plusw0	equ	0xFEB
   230                           fsr0h	equ	0xFEA
   231                           fsr0l	equ	0xFE9
   232                           wreg	equ	0xFE8
   233                           indf1	equ	0xFE7
   234                           postinc1	equ	0xFE6
   235                           postdec1	equ	0xFE5
   236                           preinc1	equ	0xFE4
   237                           plusw1	equ	0xFE3
   238                           fsr1h	equ	0xFE2
   239                           fsr1l	equ	0xFE1
   240                           bsr	equ	0xFE0
   241                           indf2	equ	0xFDF
   242                           postinc2	equ	0xFDE
   243                           postdec2	equ	0xFDD
   244                           preinc2	equ	0xFDC
   245                           plusw2	equ	0xFDB
   246                           fsr2h	equ	0xFDA
   247                           fsr2l	equ	0xFD9
   248                           status	equ	0xFD8


Data Sizes:
    Strings     0
    Constant    0
    Data        0
    BSS         0
    Persistent  0
    Stack       0

Auto Spaces:
    Space          Size  Autos    Used
    COMRAM          127      3       3
    BANK0           128      0       0
    BANK1           256      0       0
    BANK2           256      0       0
    BANK3           256      0       0
    BANK4           256      0       0
    BANK5           256      0       0

Pointer List with Targets:

    None.

Critical Paths under _main in COMRAM

    None.

Critical Paths under _main in BANK0

    None.

Critical Paths under _main in BANK1

    None.

Critical Paths under _main in BANK2

    None.

Critical Paths under _main in BANK3

    None.

Critical Paths under _main in BANK4

    None.

Critical Paths under _main in BANK5

    None.

Call Graph Tables:

 ---------------------------------------------------------------------------------
 (Depth) Function   	        Calls       Base Space   Used Autos Params    Refs
 ---------------------------------------------------------------------------------
 (0) _main                                                 3     3      0       0
                                              0 COMRAM     3     3      0
 ---------------------------------------------------------------------------------
 Estimated maximum stack depth 0
 ---------------------------------------------------------------------------------

 Call Graph Graphs:

 _main (ROOT)

 Address spaces:
Name               Size   Autos  Total    Cost      Usage
BITCOMRAM           7F      0       0       0        0.0%
EEDATA             100      0       0       0        0.0%
NULL                 0      0       0       0        0.0%
CODE                 0      0       0       0        0.0%
COMRAM              7F      3       3       1        2.4%
STACK                0      0       0       2        0.0%
DATA                 0      0       0       3        0.0%
BITBANK0            80      0       0       4        0.0%
BANK0               80      0       0       5        0.0%
BITBANK1           100      0       0       6        0.0%
BANK1              100      0       0       7        0.0%
BITBANK2           100      0       0       8        0.0%
BANK2              100      0       0       9        0.0%
BITBANK3           100      0       0      10        0.0%
BANK3              100      0       0      11        0.0%
BITBANK4           100      0       0      12        0.0%
BANK4              100      0       0      13        0.0%
BANK5              100      0       0      14        0.0%
ABS                  0      0       0      15        0.0%
BITBANK5           100      0       0      16        0.0%
BIGRAM             5FF      0       0      17        0.0%
BITSFR               0      0       0     200        0.0%
SFR                  0      0       0     200        0.0%


Microchip Technology PIC18 Macro Assembler V2.10 build 88905656 
Symbol Table                                                                                   Sat Feb 27 11:25:36 2021

                     l26 7FDC                       u25 7FEC              __CFG_BORV$3 000000  
           __CFG_CP0$OFF 000000             __CFG_CP1$OFF 000000             __CFG_CP2$OFF 000000  
           __CFG_CP3$OFF 000000              __CFG_OSC$XT 000000                      l791 7FDA  
           __CFG_CPB$OFF 000000                      _PR2 000FCB             __CFG_CPD$OFF 000000  
           __CFG_LVP$OFF 000000             __CFG_WDT$OFF 000000                     _main 7F96  
                   start 0000            __CFG_IESO$OFF 000000            __CFG_MCLRE$ON 000000  
           ___param_bank 000000                    ?_main 0001                    _ADRES 000FC3  
          __CFG_PWRT$OFF 000000            __CFG_WRT0$OFF 000000            __CFG_WRT1$OFF 000000  
          __CFG_WRT2$OFF 000000            __CFG_WRT3$OFF 000000           __CFG_EBTR0$OFF 000000  
         __CFG_FCMEN$OFF 000000           __CFG_EBTR1$OFF 000000           __CFG_EBTR2$OFF 000000  
         __CFG_EBTR3$OFF 000000            __CFG_WRTB$OFF 000000            __CFG_WRTC$OFF 000000  
          __CFG_WRTD$OFF 000000           __CFG_EBTRB$OFF 000000           __CFG_BOREN$OFF 000000  
                  status 000FD8          __initialization 7F90             __end_of_main 8000  
                 ??_main 0001            __activetblptr 000000                   _CCPR1L 000FBE  
         __CFG_XINST$OFF 000000           __CFG_STVREN$ON 000000               __accesstop 0080  
__end_of__initialization 7F90          __CFG_PBADEN$OFF 000000            ___rparam_used 000001  
         __pcstackCOMRAM 0001                  __Hparam 0000                  __Lparam 0000  
                __pcinit 7F90                  __ramtop 0600                  __ptext0 7F96  
              _T2CONbits 000FCA     end_of_initialization 7F90                _TRISAbits 000F92  
              _TRISCbits 000F94              _CCP1CONbits 000FBD      start_initialization 7F90  
       __CFG_LPT1OSC$OFF 000000        __CFG_CCP2MX$PORTC 000000         __CFG_WDTPS$32768 000000  
             _ADCON0bits 000FC2               _ADCON1bits 000FC1               _ADCON2bits 000FC0  
               __Hrparam 0000                 __Lrparam 0000            __size_of_main 006A  
