

Microchip MPLAB XC8 Assembler V2.10 build 88905656 
                                                                                               Sat Feb 27 11:11:41 2021

Microchip MPLAB XC8 C Compiler v2.10 (Free license) build 20190730164152 Og9 
     1                           	processor	18F4520
     2                           	fnconf	rparam,??,?,0
     3                           	opt	pw 120
     4                           	opt	flic
     5                           	psect	cinit,global,reloc=2,class=CODE,delta=1
     6                           	psect	cstackCOMRAM,global,class=COMRAM,space=1,delta=1,noexec
     7                           	psect	text0,global,reloc=2,class=CODE,delta=1
     8                           	psect	intsave_regs,global,class=BIGRAM,space=1,delta=1,noexec
     9                           	psect	rparam,global,class=COMRAM,space=1,delta=1,noexec
    10  0000                     
    11                           ; Version 2.10
    12                           ; Generated 31/07/2019 GMT
    13                           ; 
    14                           ; Copyright © 2019, Microchip Technology Inc. and its subsidiaries ("Microchip")
    15                           ; All rights reserved.
    16                           ; 
    17                           ; This software is developed by Microchip Technology Inc. and its subsidiaries ("Microch
      +                          ip").
    18                           ; 
    19                           ; Redistribution and use in source and binary forms, with or without modification, are
    20                           ; permitted provided that the following conditions are met:
    21                           ; 
    22                           ;     1. Redistributions of source code must retain the above copyright notice, this lis
      +                          t of
    23                           ;        conditions and the following disclaimer.
    24                           ; 
    25                           ;     2. Redistributions in binary form must reproduce the above copyright notice, this 
      +                          list
    26                           ;        of conditions and the following disclaimer in the documentation and/or other
    27                           ;        materials provided with the distribution.
    28                           ; 
    29                           ;     3. Microchip's name may not be used to endorse or promote products derived from th
      +                          is
    30                           ;        software without specific prior written permission.
    31                           ; 
    32                           ; THIS SOFTWARE IS PROVIDED BY MICROCHIP "AS IS" AND ANY EXPRESS OR IMPLIED WARRANTIES,
    33                           ; INCLUDING, BUT NOT LIMITED TO, THE IMPLIED WARRANTIES OF MERCHANTABILITY AND FITNESS F
      +                          OR
    34                           ; PURPOSE ARE DISCLAIMED.  IN NO EVENT SHALL MICROCHIP BE LIABLE FOR ANY DIRECT, INDIREC
      +                          T,
    35                           ; INCIDENTAL, SPECIAL, EXEMPLARY, OR CONSEQUENTIAL DAMAGES (INCLUDING BUT NOT LIMITED TO
    36                           ; PROCUREMENT OF SUBSTITUTE GOODS OR SERVICES; LOSS OF USE, DATA OR PROFITS; OR BUSINESS
    37                           ; INTERRUPTION) HOWSOEVER CAUSED AND ON ANY THEORY OF LIABILITY, WHETHER IN CONTRACT, ST
      +                          RICT
    38                           ; LIABILITY, OR TORT (INCLUDING NEGLIGENCE OR OTHERWISE) ARISING IN ANY WAY OUT OF THE U
      +                          SE OF
    39                           ; THIS SOFTWARE, EVEN IF ADVISED OF THE POSSIBILITY OF SUCH DAMAGE.
    40                           ; 
    41                           ; 
    42                           ; Code-generator required, PIC18F4520 Definitions
    43                           ; 
    44                           ; SFR Addresses
    45  0000                     _CCPR1L	set	4030
    46  0000                     _CCP1CONbits	set	4029
    47  0000                     _PR2	set	4043
    48  0000                     _T2CONbits	set	4042
    49  0000                     _TRISCbits	set	3988
    50                           
    51                           ; #config settings
    52  0000                     
    53                           	psect	cinit
    54  007FD4                     __pcinit:
    55                           	opt callstack 0
    56  007FD4                     start_initialization:
    57                           	opt callstack 0
    58  007FD4                     __initialization:
    59                           	opt callstack 0
    60  007FD4                     end_of_initialization:
    61                           	opt callstack 0
    62  007FD4                     __end_of__initialization:
    63                           	opt callstack 0
    64  007FD4  0100               	movlb	0
    65  007FD6  EFED  F03F         	goto	_main	;jump to C main() function
    66                           
    67                           	psect	cstackCOMRAM
    68  000000                     __pcstackCOMRAM:
    69                           	opt callstack 0
    70  000000                     
    71                           ; 1 bytes @ 0x0
    72 ;;
    73 ;;Main: autosize = 0, tempsize = 0, incstack = 0, save=0
    74 ;;
    75 ;; *************** function _main *****************
    76 ;; Defined at:
    77 ;;		line 11 in file "main.c"
    78 ;; Parameters:    Size  Location     Type
    79 ;;		None
    80 ;; Auto vars:     Size  Location     Type
    81 ;;		None
    82 ;; Return value:  Size  Location     Type
    83 ;;                  1    wreg      void 
    84 ;; Registers used:
    85 ;;		wreg, status,2
    86 ;; Tracked objects:
    87 ;;		On entry : 0/0
    88 ;;		On exit  : 0/0
    89 ;;		Unchanged: 0/0
    90 ;; Data sizes:     COMRAM   BANK0   BANK1   BANK2   BANK3   BANK4   BANK5
    91 ;;      Params:         0       0       0       0       0       0       0
    92 ;;      Locals:         0       0       0       0       0       0       0
    93 ;;      Temps:          0       0       0       0       0       0       0
    94 ;;      Totals:         0       0       0       0       0       0       0
    95 ;;Total ram usage:        0 bytes
    96 ;; This function calls:
    97 ;;		Nothing
    98 ;; This function is called by:
    99 ;;		Startup code after reset
   100 ;; This function uses a non-reentrant model
   101 ;;
   102                           
   103                           	psect	text0
   104  007FDA                     __ptext0:
   105                           	opt callstack 0
   106  007FDA                     _main:
   107                           	opt callstack 31
   108                           
   109                           ;main.c: 12: TRISCbits.RC2 = 0;
   110                           
   111                           ;incstack = 0
   112  007FDA  9494               	bcf	148,2,c	;volatile
   113                           
   114                           ;main.c: 13: T2CONbits.T2CKPS = 0b01;
   115  007FDC  50CA               	movf	202,w,c	;volatile
   116  007FDE  0BFC               	andlw	-4
   117  007FE0  0901               	iorlw	1
   118  007FE2  6ECA               	movwf	202,c	;volatile
   119                           
   120                           ;main.c: 14: T2CONbits.T2OUTPS = 0b0000;
   121  007FE4  0E87               	movlw	-121
   122  007FE6  16CA               	andwf	202,f,c	;volatile
   123                           
   124                           ;main.c: 15: T2CONbits.TMR2ON = 1;
   125  007FE8  84CA               	bsf	202,2,c	;volatile
   126                           
   127                           ;main.c: 16: PR2 = 99;
   128  007FEA  0E63               	movlw	99
   129  007FEC  6ECB               	movwf	203,c	;volatile
   130                           
   131                           ;main.c: 17: CCP1CONbits.CCP1M = 0b1100;
   132  007FEE  50BD               	movf	189,w,c	;volatile
   133  007FF0  0BF0               	andlw	-16
   134  007FF2  090C               	iorlw	12
   135  007FF4  6EBD               	movwf	189,c	;volatile
   136                           
   137                           ;main.c: 19: CCPR1L = 0b00101000;
   138  007FF6  0E28               	movlw	40
   139  007FF8  6EBE               	movwf	190,c	;volatile
   140                           
   141                           ;main.c: 20: CCP1CONbits.DC1B = 0b00;
   142  007FFA  0ECF               	movlw	-49
   143  007FFC  16BD               	andwf	189,f,c	;volatile
   144  007FFE                     l15:
   145  007FFE  D7FF               	goto	l15
   146  008000                     __end_of_main:
   147                           	opt callstack 0
   148  0000                     
   149                           	psect	rparam
   150  0000                     tosu	equ	0xFFF
   151                           tosh	equ	0xFFE
   152                           tosl	equ	0xFFD
   153                           stkptr	equ	0xFFC
   154                           pclatu	equ	0xFFB
   155                           pclath	equ	0xFFA
   156                           pcl	equ	0xFF9
   157                           tblptru	equ	0xFF8
   158                           tblptrh	equ	0xFF7
   159                           tblptrl	equ	0xFF6
   160                           tablat	equ	0xFF5
   161                           prodh	equ	0xFF4
   162                           prodl	equ	0xFF3
   163                           indf0	equ	0xFEF
   164                           postinc0	equ	0xFEE
   165                           postdec0	equ	0xFED
   166                           preinc0	equ	0xFEC
   167                           plusw0	equ	0xFEB
   168                           fsr0h	equ	0xFEA
   169                           fsr0l	equ	0xFE9
   170                           wreg	equ	0xFE8
   171                           indf1	equ	0xFE7
   172                           postinc1	equ	0xFE6
   173                           postdec1	equ	0xFE5
   174                           preinc1	equ	0xFE4
   175                           plusw1	equ	0xFE3
   176                           fsr1h	equ	0xFE2
   177                           fsr1l	equ	0xFE1
   178                           bsr	equ	0xFE0
   179                           indf2	equ	0xFDF
   180                           postinc2	equ	0xFDE
   181                           postdec2	equ	0xFDD
   182                           preinc2	equ	0xFDC
   183                           plusw2	equ	0xFDB
   184                           fsr2h	equ	0xFDA
   185                           fsr2l	equ	0xFD9
   186                           status	equ	0xFD8


Data Sizes:
    Strings     0
    Constant    0
    Data        0
    BSS         0
    Persistent  0
    Stack       0

Auto Spaces:
    Space          Size  Autos    Used
    COMRAM          127      0       0
    BANK0           128      0       0
    BANK1           256      0       0
    BANK2           256      0       0
    BANK3           256      0       0
    BANK4           256      0       0
    BANK5           256      0       0

Pointer List with Targets:

    None.

Critical Paths under _main in COMRAM

    None.

Critical Paths under _main in BANK0

    None.

Critical Paths under _main in BANK1

    None.

Critical Paths under _main in BANK2

    None.

Critical Paths under _main in BANK3

    None.

Critical Paths under _main in BANK4

    None.

Critical Paths under _main in BANK5

    None.

Call Graph Tables:

 ---------------------------------------------------------------------------------
 (Depth) Function   	        Calls       Base Space   Used Autos Params    Refs
 ---------------------------------------------------------------------------------
 (0) _main                                                 0     0      0       0
 ---------------------------------------------------------------------------------
 Estimated maximum stack depth 0
 ---------------------------------------------------------------------------------

 Call Graph Graphs:

 _main (ROOT)

 Address spaces:
Name               Size   Autos  Total    Cost      Usage
BITCOMRAM           7F      0       0       0        0.0%
EEDATA             100      0       0       0        0.0%
NULL                 0      0       0       0        0.0%
CODE                 0      0       0       0        0.0%
COMRAM              7F      0       0       1        0.0%
STACK                0      0       0       2        0.0%
DATA                 0      0       0       3        0.0%
BITBANK0            80      0       0       4        0.0%
BANK0               80      0       0       5        0.0%
BITBANK1           100      0       0       6        0.0%
BANK1              100      0       0       7        0.0%
BITBANK2           100      0       0       8        0.0%
BANK2              100      0       0       9        0.0%
BITBANK3           100      0       0      10        0.0%
BANK3              100      0       0      11        0.0%
BITBANK4           100      0       0      12        0.0%
BANK4              100      0       0      13        0.0%
BANK5              100      0       0      14        0.0%
ABS                  0      0       0      15        0.0%
BITBANK5           100      0       0      16        0.0%
BIGRAM             5FF      0       0      17        0.0%
BITSFR               0      0       0     200        0.0%
SFR                  0      0       0     200        0.0%


Microchip Technology PIC18 Macro Assembler V2.10 build 88905656 
Symbol Table                                                                                   Sat Feb 27 11:11:41 2021

                     l15 7FFE              __CFG_BORV$3 000000             __CFG_CP0$OFF 000000  
           __CFG_CP1$OFF 000000             __CFG_CP2$OFF 000000             __CFG_CP3$OFF 000000  
            __CFG_OSC$XT 000000             __CFG_CPB$OFF 000000                      _PR2 000FCB  
           __CFG_CPD$OFF 000000             __CFG_LVP$OFF 000000             __CFG_WDT$OFF 000000  
                   _main 7FDA                     start 0000            __CFG_IESO$OFF 000000  
          __CFG_MCLRE$ON 000000             ___param_bank 000000                    ?_main 0000  
          __CFG_PWRT$OFF 000000            __CFG_WRT0$OFF 000000            __CFG_WRT1$OFF 000000  
          __CFG_WRT2$OFF 000000            __CFG_WRT3$OFF 000000           __CFG_EBTR0$OFF 000000  
         __CFG_FCMEN$OFF 000000           __CFG_EBTR1$OFF 000000           __CFG_EBTR2$OFF 000000  
         __CFG_EBTR3$OFF 000000            __CFG_WRTB$OFF 000000            __CFG_WRTC$OFF 000000  
          __CFG_WRTD$OFF 000000           __CFG_EBTRB$OFF 000000           __CFG_BOREN$OFF 000000  
        __initialization 7FD4             __end_of_main 8000                   ??_main 0000  
          __activetblptr 000000                   _CCPR1L 000FBE           __CFG_XINST$OFF 000000  
         __CFG_STVREN$ON 000000               __accesstop 0080  __end_of__initialization 7FD4  
        __CFG_PBADEN$OFF 000000            ___rparam_used 000001           __pcstackCOMRAM 0000  
                __Hparam 0000                  __Lparam 0000                  __pcinit 7FD4  
                __ramtop 0600                  __ptext0 7FDA                _T2CONbits 000FCA  
   end_of_initialization 7FD4                _TRISCbits 000F94              _CCP1CONbits 000FBD  
    start_initialization 7FD4         __CFG_LPT1OSC$OFF 000000        __CFG_CCP2MX$PORTC 000000  
       __CFG_WDTPS$32768 000000                 __Hrparam 0000                 __Lrparam 0000  
          __size_of_main 0026  
