

Microchip MPLAB XC8 Assembler V2.10 build 88905656 
                                                                                               Fri Feb 12 12:35:26 2021

Microchip MPLAB XC8 C Compiler v2.10 (Free license) build 20190730164152 Og9 
     1                           	processor	18F4520
     2                           	fnconf	rparam,??,?,0
     3                           	opt	pw 120
     4                           	opt	flic
     5                           	psect	cinit,global,reloc=2,class=CODE,delta=1
     6                           	psect	cstackCOMRAM,global,class=COMRAM,space=1,delta=1,noexec
     7                           	psect	text0,global,reloc=2,class=CODE,delta=1
     8                           	psect	intcode,global,reloc=2,class=CODE,delta=1
     9                           	psect	intcode_body,global,reloc=2,class=CODE,delta=1
    10                           	psect	intsave_regs,global,class=BIGRAM,space=1,delta=1,noexec
    11                           	psect	rparam,global,class=COMRAM,space=1,delta=1,noexec
    12                           	psect	temp,global,ovrld,common,class=COMRAM,space=1,delta=1
    13  0000                     
    14                           ; Version 2.10
    15                           ; Generated 31/07/2019 GMT
    16                           ; 
    17                           ; Copyright © 2019, Microchip Technology Inc. and its subsidiaries ("Microchip")
    18                           ; All rights reserved.
    19                           ; 
    20                           ; This software is developed by Microchip Technology Inc. and its subsidiaries ("Microch
      +                          ip").
    21                           ; 
    22                           ; Redistribution and use in source and binary forms, with or without modification, are
    23                           ; permitted provided that the following conditions are met:
    24                           ; 
    25                           ;     1. Redistributions of source code must retain the above copyright notice, this lis
      +                          t of
    26                           ;        conditions and the following disclaimer.
    27                           ; 
    28                           ;     2. Redistributions in binary form must reproduce the above copyright notice, this 
      +                          list
    29                           ;        of conditions and the following disclaimer in the documentation and/or other
    30                           ;        materials provided with the distribution.
    31                           ; 
    32                           ;     3. Microchip's name may not be used to endorse or promote products derived from th
      +                          is
    33                           ;        software without specific prior written permission.
    34                           ; 
    35                           ; THIS SOFTWARE IS PROVIDED BY MICROCHIP "AS IS" AND ANY EXPRESS OR IMPLIED WARRANTIES,
    36                           ; INCLUDING, BUT NOT LIMITED TO, THE IMPLIED WARRANTIES OF MERCHANTABILITY AND FITNESS F
      +                          OR
    37                           ; PURPOSE ARE DISCLAIMED.  IN NO EVENT SHALL MICROCHIP BE LIABLE FOR ANY DIRECT, INDIREC
      +                          T,
    38                           ; INCIDENTAL, SPECIAL, EXEMPLARY, OR CONSEQUENTIAL DAMAGES (INCLUDING BUT NOT LIMITED TO
    39                           ; PROCUREMENT OF SUBSTITUTE GOODS OR SERVICES; LOSS OF USE, DATA OR PROFITS; OR BUSINESS
    40                           ; INTERRUPTION) HOWSOEVER CAUSED AND ON ANY THEORY OF LIABILITY, WHETHER IN CONTRACT, ST
      +                          RICT
    41                           ; LIABILITY, OR TORT (INCLUDING NEGLIGENCE OR OTHERWISE) ARISING IN ANY WAY OUT OF THE U
      +                          SE OF
    42                           ; THIS SOFTWARE, EVEN IF ADVISED OF THE POSSIBILITY OF SUCH DAMAGE.
    43                           ; 
    44                           ; 
    45                           ; Code-generator required, PIC18F4520 Definitions
    46                           ; 
    47                           ; SFR Addresses
    48  0000                     _TMR1	set	4046
    49  0000                     _INTCONbits	set	4082
    50  0000                     _PIE1bits	set	3997
    51  0000                     _TRISBbits	set	3987
    52  0000                     _T1CONbits	set	4045
    53  0000                     _LATBbits	set	3978
    54  0000                     _PIR1bits	set	3998
    55                           
    56                           ; #config settings
    57  0000                     
    58                           	psect	cinit
    59  00008A                     __pcinit:
    60                           	opt callstack 0
    61  00008A                     start_initialization:
    62                           	opt callstack 0
    63  00008A                     __initialization:
    64                           	opt callstack 0
    65  00008A                     end_of_initialization:
    66                           	opt callstack 0
    67  00008A                     __end_of__initialization:
    68                           	opt callstack 0
    69  00008A  9004               	bcf	int$flags,0,c	;clear compiler interrupt flag (level 1)
    70  00008C  9204               	bcf	int$flags,1,c	;clear compiler interrupt flag (level 2)
    71  00008E  0100               	movlb	0
    72  000090  EF09  F000         	goto	_main	;jump to C main() function
    73                           
    74                           	psect	cstackCOMRAM
    75  000001                     __pcstackCOMRAM:
    76                           	opt callstack 0
    77  000001                     ??_TMR1Int:
    78  000001                     
    79                           ; 1 bytes @ 0x0
    80  000001                     	ds	1
    81  000002                     ??_main:
    82                           
    83                           ; 1 bytes @ 0x1
    84  000002                     	ds	2
    85                           
    86 ;;
    87 ;;Main: autosize = 0, tempsize = 2, incstack = 0, save=0
    88 ;;
    89 ;; *************** function _main *****************
    90 ;; Defined at:
    91 ;;		line 20 in file "main.c"
    92 ;; Parameters:    Size  Location     Type
    93 ;;		None
    94 ;; Auto vars:     Size  Location     Type
    95 ;;		None
    96 ;; Return value:  Size  Location     Type
    97 ;;                  1    wreg      void 
    98 ;; Registers used:
    99 ;;		wreg, status,2, status,0
   100 ;; Tracked objects:
   101 ;;		On entry : 0/0
   102 ;;		On exit  : 0/0
   103 ;;		Unchanged: 0/0
   104 ;; Data sizes:     COMRAM   BANK0   BANK1   BANK2   BANK3   BANK4   BANK5
   105 ;;      Params:         0       0       0       0       0       0       0
   106 ;;      Locals:         0       0       0       0       0       0       0
   107 ;;      Temps:          2       0       0       0       0       0       0
   108 ;;      Totals:         2       0       0       0       0       0       0
   109 ;;Total ram usage:        2 bytes
   110 ;; Hardware stack levels required when called:    1
   111 ;; This function calls:
   112 ;;		Nothing
   113 ;; This function is called by:
   114 ;;		Startup code after reset
   115 ;; This function uses a non-reentrant model
   116 ;;
   117                           
   118                           	psect	text0
   119  000012                     __ptext0:
   120                           	opt callstack 0
   121  000012                     _main:
   122                           	opt callstack 30
   123                           
   124                           ;main.c: 21: T1CONbits.RD16 = 1;
   125                           
   126                           ;incstack = 0
   127  000012  8ECD               	bsf	205,7,c	;volatile
   128                           
   129                           ;main.c: 22: T1CONbits.T1RUN = 1;
   130  000014  8CCD               	bsf	205,6,c	;volatile
   131                           
   132                           ;main.c: 23: T1CONbits.T1CKPS = 0b00;
   133  000016  0ECF               	movlw	-49
   134  000018  16CD               	andwf	205,f,c	;volatile
   135                           
   136                           ;main.c: 24: T1CONbits.T1OSCEN = 1;
   137  00001A  86CD               	bsf	205,3,c	;volatile
   138                           
   139                           ;main.c: 25: T1CONbits.T1SYNC = 1;
   140  00001C  84CD               	bsf	205,2,c	;volatile
   141                           
   142                           ;main.c: 26: T1CONbits.TMR1CS = 1;
   143  00001E  82CD               	bsf	205,1,c	;volatile
   144                           
   145                           ;main.c: 27: T1CONbits.TMR1ON = 1;
   146  000020  80CD               	bsf	205,0,c	;volatile
   147                           
   148                           ;main.c: 30: TRISBbits.RB0 = 0;
   149  000022  9093               	bcf	147,0,c	;volatile
   150                           
   151                           ;main.c: 31: TRISBbits.RB1 = 0;
   152  000024  9293               	bcf	147,1,c	;volatile
   153                           
   154                           ;main.c: 32: TMR1 = 0x8000;
   155  000026  0E80               	movlw	128
   156  000028  6ECF               	movwf	207,c	;volatile
   157  00002A  0E00               	movlw	0
   158  00002C  6ECE               	movwf	206,c	;volatile
   159                           
   160                           ;main.c: 34: PIE1bits.TMR1IE = 1;
   161  00002E  809D               	bsf	157,0,c	;volatile
   162                           
   163                           ;main.c: 35: INTCONbits.GIE = 1;
   164  000030  8EF2               	bsf	242,7,c	;volatile
   165                           
   166                           ;main.c: 36: INTCONbits.PEIE = 1;
   167  000032  8CF2               	bsf	242,6,c	;volatile
   168  000034                     l807:
   169                           
   170                           ;main.c: 39: LATBbits.LATB1 = !LATBbits.LATB1;
   171  000034  B28A               	btfsc	138,1,c	;volatile
   172  000036  D003               	goto	u30
   173  000038  6A02               	clrf	??_main^0,c
   174  00003A  2A02               	incf	??_main^0,f,c
   175  00003C  D001               	goto	u48
   176  00003E                     u30:
   177  00003E  6A02               	clrf	??_main^0,c
   178  000040                     u48:
   179  000040  4602               	rlncf	??_main^0,f,c
   180  000042  508A               	movf	138,w,c	;volatile
   181  000044  1802               	xorwf	??_main^0,w,c
   182  000046  0BFD               	andlw	-3
   183  000048  1802               	xorwf	??_main^0,w,c
   184  00004A  6E8A               	movwf	138,c	;volatile
   185                           
   186                           ;main.c: 40: _delay((unsigned long)((500)*(4000000/4000.0)));
   187  00004C  0E03               	movlw	3
   188  00004E  6E03               	movwf	(??_main+1)^0,c
   189  000050  0E8A               	movlw	138
   190  000052  6E02               	movwf	??_main^0,c
   191  000054  0E56               	movlw	86
   192  000056                     u57:
   193  000056  2EE8               	decfsz	wreg,f,c
   194  000058  D7FE               	bra	u57
   195  00005A  2E02               	decfsz	??_main^0,f,c
   196  00005C  D7FC               	bra	u57
   197  00005E  2E03               	decfsz	(??_main+1)^0,f,c
   198  000060  D7FA               	bra	u57
   199  000062  D7E8               	goto	l807
   200  000064                     __end_of_main:
   201                           	opt callstack 0
   202                           
   203 ;; *************** function _TMR1Int *****************
   204 ;; Defined at:
   205 ;;		line 11 in file "main.c"
   206 ;; Parameters:    Size  Location     Type
   207 ;;		None
   208 ;; Auto vars:     Size  Location     Type
   209 ;;		None
   210 ;; Return value:  Size  Location     Type
   211 ;;                  1    wreg      void 
   212 ;; Registers used:
   213 ;;		wreg, status,2, status,0
   214 ;; Tracked objects:
   215 ;;		On entry : 0/0
   216 ;;		On exit  : 0/0
   217 ;;		Unchanged: 0/0
   218 ;; Data sizes:     COMRAM   BANK0   BANK1   BANK2   BANK3   BANK4   BANK5
   219 ;;      Params:         0       0       0       0       0       0       0
   220 ;;      Locals:         0       0       0       0       0       0       0
   221 ;;      Temps:          1       0       0       0       0       0       0
   222 ;;      Totals:         1       0       0       0       0       0       0
   223 ;;Total ram usage:        1 bytes
   224 ;; Hardware stack levels used:    1
   225 ;; This function calls:
   226 ;;		Nothing
   227 ;; This function is called by:
   228 ;;		Interrupt level 2
   229 ;; This function uses a non-reentrant model
   230 ;;
   231                           
   232                           	psect	intcode
   233  000008                     __pintcode:
   234                           	opt callstack 0
   235  000008                     _TMR1Int:
   236                           	opt callstack 30
   237                           
   238                           ;incstack = 0
   239  000008  8204               	bsf	btemp,1,c	;set compiler interrupt flag (level 2)
   240  00000A  ED32  F000         	call	int_func,f	;refresh shadow registers
   241                           
   242                           	psect	intcode_body
   243  000064                     __pintcode_body:
   244                           	opt callstack 30
   245  000064                     int_func:
   246                           	opt callstack 30
   247  000064  0006               	pop		; remove dummy address from shadow register refresh
   248                           
   249                           ;main.c: 13: PIR1bits.TMR1IF = 0;
   250  000066  909E               	bcf	158,0,c	;volatile
   251                           
   252                           ;main.c: 14: TMR1 = 0x8000;
   253  000068  0E80               	movlw	128
   254  00006A  6ECF               	movwf	207,c	;volatile
   255  00006C  0E00               	movlw	0
   256  00006E  6ECE               	movwf	206,c	;volatile
   257                           
   258                           ;main.c: 15: LATBbits.LATB0 = !LATBbits.LATB0;
   259  000070  B08A               	btfsc	138,0,c	;volatile
   260  000072  D003               	goto	i2u1_40
   261  000074  6A01               	clrf	??_TMR1Int^0,c
   262  000076  2A01               	incf	??_TMR1Int^0,f,c
   263  000078  D001               	goto	i2u2_48
   264  00007A                     i2u1_40:
   265  00007A  6A01               	clrf	??_TMR1Int^0,c
   266  00007C                     i2u2_48:
   267  00007C  508A               	movf	138,w,c	;volatile
   268  00007E  1801               	xorwf	??_TMR1Int^0,w,c
   269  000080  0BFE               	andlw	-2
   270  000082  1801               	xorwf	??_TMR1Int^0,w,c
   271  000084  6E8A               	movwf	138,c	;volatile
   272  000086  9204               	bcf	btemp,1,c	;clear compiler interrupt flag (level 2)
   273  000088  0011               	retfie		f
   274  00008A                     __end_of_TMR1Int:
   275                           	opt callstack 0
   276  0000                     
   277                           	psect	rparam
   278  0000                     
   279                           	psect	temp
   280  000004                     btemp:
   281                           	opt callstack 0
   282  000004                     	ds	1
   283  0000                     int$flags	set	btemp
   284  0000                     wtemp8	set	btemp+1
   285  0000                     ttemp5	set	btemp+1
   286  0000                     ttemp6	set	btemp+4
   287  0000                     ttemp7	set	btemp+8
   288                           tosu	equ	0xFFF
   289                           tosh	equ	0xFFE
   290                           tosl	equ	0xFFD
   291                           stkptr	equ	0xFFC
   292                           pclatu	equ	0xFFB
   293                           pclath	equ	0xFFA
   294                           pcl	equ	0xFF9
   295                           tblptru	equ	0xFF8
   296                           tblptrh	equ	0xFF7
   297                           tblptrl	equ	0xFF6
   298                           tablat	equ	0xFF5
   299                           prodh	equ	0xFF4
   300                           prodl	equ	0xFF3
   301                           indf0	equ	0xFEF
   302                           postinc0	equ	0xFEE
   303                           postdec0	equ	0xFED
   304                           preinc0	equ	0xFEC
   305                           plusw0	equ	0xFEB
   306                           fsr0h	equ	0xFEA
   307                           fsr0l	equ	0xFE9
   308                           wreg	equ	0xFE8
   309                           indf1	equ	0xFE7
   310                           postinc1	equ	0xFE6
   311                           postdec1	equ	0xFE5
   312                           preinc1	equ	0xFE4
   313                           plusw1	equ	0xFE3
   314                           fsr1h	equ	0xFE2
   315                           fsr1l	equ	0xFE1
   316                           bsr	equ	0xFE0
   317                           indf2	equ	0xFDF
   318                           postinc2	equ	0xFDE
   319                           postdec2	equ	0xFDD
   320                           preinc2	equ	0xFDC
   321                           plusw2	equ	0xFDB
   322                           fsr2h	equ	0xFDA
   323                           fsr2l	equ	0xFD9
   324                           status	equ	0xFD8


Data Sizes:
    Strings     0
    Constant    0
    Data        0
    BSS         0
    Persistent  0
    Stack       0

Auto Spaces:
    Space          Size  Autos    Used
    COMRAM          126      3       3
    BANK0           128      0       0
    BANK1           256      0       0
    BANK2           256      0       0
    BANK3           256      0       0
    BANK4           256      0       0
    BANK5           256      0       0

Pointer List with Targets:

    None.

Critical Paths under _main in COMRAM

    None.

Critical Paths under _TMR1Int in COMRAM

    None.

Critical Paths under _main in BANK0

    None.

Critical Paths under _TMR1Int in BANK0

    None.

Critical Paths under _main in BANK1

    None.

Critical Paths under _TMR1Int in BANK1

    None.

Critical Paths under _main in BANK2

    None.

Critical Paths under _TMR1Int in BANK2

    None.

Critical Paths under _main in BANK3

    None.

Critical Paths under _TMR1Int in BANK3

    None.

Critical Paths under _main in BANK4

    None.

Critical Paths under _TMR1Int in BANK4

    None.

Critical Paths under _main in BANK5

    None.

Critical Paths under _TMR1Int in BANK5

    None.

Call Graph Tables:

 ---------------------------------------------------------------------------------
 (Depth) Function   	        Calls       Base Space   Used Autos Params    Refs
 ---------------------------------------------------------------------------------
 (0) _main                                                 2     2      0       0
                                              1 COMRAM     2     2      0
 ---------------------------------------------------------------------------------
 Estimated maximum stack depth 0
 ---------------------------------------------------------------------------------
 (Depth) Function   	        Calls       Base Space   Used Autos Params    Refs
 ---------------------------------------------------------------------------------
 (1) _TMR1Int                                              1     1      0       0
                                              0 COMRAM     1     1      0
 ---------------------------------------------------------------------------------
 Estimated maximum stack depth 1
 ---------------------------------------------------------------------------------

 Call Graph Graphs:

 _main (ROOT)

 _TMR1Int (ROOT)

 Address spaces:
Name               Size   Autos  Total    Cost      Usage
BITCOMRAM           7E      0       0       0        0.0%
EEDATA             100      0       0       0        0.0%
NULL                 0      0       0       0        0.0%
CODE                 0      0       0       0        0.0%
COMRAM              7E      3       3       1        2.4%
STACK                0      0       0       2        0.0%
DATA                 0      0       0       3        0.0%
BITBANK0            80      0       0       4        0.0%
BANK0               80      0       0       5        0.0%
BITBANK1           100      0       0       6        0.0%
BANK1              100      0       0       7        0.0%
BITBANK2           100      0       0       8        0.0%
BANK2              100      0       0       9        0.0%
BITBANK3           100      0       0      10        0.0%
BANK3              100      0       0      11        0.0%
BITBANK4           100      0       0      12        0.0%
BANK4              100      0       0      13        0.0%
BANK5              100      0       0      14        0.0%
ABS                  0      0       0      15        0.0%
BITBANK5           100      0       0      16        0.0%
BIGRAM             5FF      0       0      17        0.0%
BITSFR               0      0       0     200        0.0%
SFR                  0      0       0     200        0.0%


Microchip Technology PIC18 Macro Assembler V2.10 build 88905656 
Symbol Table                                                                                   Fri Feb 12 12:35:26 2021

                     u30 003E                       u48 0040                       u57 0056  
            __CFG_BORV$3 000000             __CFG_CP0$OFF 000000             __CFG_CP1$OFF 000000  
           __CFG_CP2$OFF 000000             __CFG_CP3$OFF 000000              __CFG_OSC$XT 000000  
                    l807 0034             __CFG_CPB$OFF 000000             __CFG_CPD$OFF 000000  
                    wreg 000FE8             __CFG_LVP$OFF 000000             __CFG_WDT$OFF 000000  
                   _TMR1 000FCE          __end_of_TMR1Int 008A                     _main 0012  
                   btemp 0004                     start 000E            __CFG_IESO$OFF 000000  
          __CFG_MCLRE$ON 000000             ___param_bank 000000                    ?_main 0001  
          __CFG_PWRT$OFF 000000            __CFG_WRT0$OFF 000000            __CFG_WRT1$OFF 000000  
          __CFG_WRT2$OFF 000000            __CFG_WRT3$OFF 000000           __CFG_EBTR0$OFF 000000  
         __CFG_FCMEN$OFF 000000           __CFG_EBTR1$OFF 000000           __CFG_EBTR2$OFF 000000  
         __CFG_EBTR3$OFF 000000            __CFG_WRTB$OFF 000000            __CFG_WRTC$OFF 000000  
          __CFG_WRTD$OFF 000000           __CFG_EBTRB$OFF 000000           __CFG_BOREN$OFF 000000  
                  ttemp5 0005                    ttemp6 0008                    ttemp7 000C  
                  wtemp8 0005          __initialization 008A             __end_of_main 0064  
                 ??_main 0002            __activetblptr 000000                ??_TMR1Int 0001  
                 i2u1_40 007A                   i2u2_48 007C           __CFG_XINST$OFF 000000  
         __CFG_STVREN$ON 000000               __accesstop 0080  __end_of__initialization 008A  
        __CFG_PBADEN$OFF 000000            ___rparam_used 000001           __pcstackCOMRAM 0001  
                _TMR1Int 0008                  __Hparam 0000                  __Lparam 0000  
                __pcinit 008A                  __ramtop 0600                  __ptext0 0012  
              _T1CONbits 000FCD           __pintcode_body 0064     end_of_initialization 008A  
                int_func 0064                _TRISBbits 000F93      start_initialization 008A  
       __CFG_LPT1OSC$OFF 000000                 ?_TMR1Int 0001        __CFG_CCP2MX$PORTC 000000  
              __pintcode 0008                 _LATBbits 000F8A                 _PIE1bits 000F9D  
               _PIR1bits 000F9E         __CFG_WDTPS$32768 000000         __size_of_TMR1Int 0082  
               __Hrparam 0000                 __Lrparam 0000            __size_of_main 0052  
               int$flags 0004               _INTCONbits 000FF2                 intlevel2 0000  
