

Microchip MPLAB XC8 Assembler V2.10 build 88905656 
                                                                                               Tue Feb 02 10:16:17 2021

Microchip MPLAB XC8 C Compiler v2.10 (Free license) build 20190730164152 Og9 
     1                           	processor	18F4520
     2                           	fnconf	rparam,??,?,0
     3                           	opt	pw 120
     4                           	opt	flic
     5                           	psect	cinit,global,reloc=2,class=CODE,delta=1
     6                           	psect	cstackCOMRAM,global,class=COMRAM,space=1,delta=1,noexec
     7                           	psect	text0,global,reloc=2,class=CODE,delta=1
     8                           	psect	intsave_regs,global,class=BIGRAM,space=1,delta=1,noexec
     9                           	psect	rparam,global,class=COMRAM,space=1,delta=1,noexec
    10  0000                     
    11                           ; Version 2.10
    12                           ; Generated 31/07/2019 GMT
    13                           ; 
    14                           ; Copyright © 2019, Microchip Technology Inc. and its subsidiaries ("Microchip")
    15                           ; All rights reserved.
    16                           ; 
    17                           ; This software is developed by Microchip Technology Inc. and its subsidiaries ("Microch
      +                          ip").
    18                           ; 
    19                           ; Redistribution and use in source and binary forms, with or without modification, are
    20                           ; permitted provided that the following conditions are met:
    21                           ; 
    22                           ;     1. Redistributions of source code must retain the above copyright notice, this lis
      +                          t of
    23                           ;        conditions and the following disclaimer.
    24                           ; 
    25                           ;     2. Redistributions in binary form must reproduce the above copyright notice, this 
      +                          list
    26                           ;        of conditions and the following disclaimer in the documentation and/or other
    27                           ;        materials provided with the distribution.
    28                           ; 
    29                           ;     3. Microchip's name may not be used to endorse or promote products derived from th
      +                          is
    30                           ;        software without specific prior written permission.
    31                           ; 
    32                           ; THIS SOFTWARE IS PROVIDED BY MICROCHIP "AS IS" AND ANY EXPRESS OR IMPLIED WARRANTIES,
    33                           ; INCLUDING, BUT NOT LIMITED TO, THE IMPLIED WARRANTIES OF MERCHANTABILITY AND FITNESS F
      +                          OR
    34                           ; PURPOSE ARE DISCLAIMED.  IN NO EVENT SHALL MICROCHIP BE LIABLE FOR ANY DIRECT, INDIREC
      +                          T,
    35                           ; INCIDENTAL, SPECIAL, EXEMPLARY, OR CONSEQUENTIAL DAMAGES (INCLUDING BUT NOT LIMITED TO
    36                           ; PROCUREMENT OF SUBSTITUTE GOODS OR SERVICES; LOSS OF USE, DATA OR PROFITS; OR BUSINESS
    37                           ; INTERRUPTION) HOWSOEVER CAUSED AND ON ANY THEORY OF LIABILITY, WHETHER IN CONTRACT, ST
      +                          RICT
    38                           ; LIABILITY, OR TORT (INCLUDING NEGLIGENCE OR OTHERWISE) ARISING IN ANY WAY OUT OF THE U
      +                          SE OF
    39                           ; THIS SOFTWARE, EVEN IF ADVISED OF THE POSSIBILITY OF SUCH DAMAGE.
    40                           ; 
    41                           ; 
    42                           ; Code-generator required, PIC18F4520 Definitions
    43                           ; 
    44                           ; SFR Addresses
    45  0000                     _LATBbits	set	3978
    46  0000                     _LATB	set	3978
    47  0000                     _TRISBbits	set	3987
    48                           
    49                           ; #config settings
    50  0000                     
    51                           	psect	cinit
    52  007FB4                     __pcinit:
    53                           	opt callstack 0
    54  007FB4                     start_initialization:
    55                           	opt callstack 0
    56  007FB4                     __initialization:
    57                           	opt callstack 0
    58  007FB4                     end_of_initialization:
    59                           	opt callstack 0
    60  007FB4                     __end_of__initialization:
    61                           	opt callstack 0
    62  007FB4  0100               	movlb	0
    63  007FB6  EFDD  F03F         	goto	_main	;jump to C main() function
    64                           
    65                           	psect	cstackCOMRAM
    66  000001                     __pcstackCOMRAM:
    67                           	opt callstack 0
    68  000001                     ??_main:
    69                           
    70                           ; 1 bytes @ 0x0
    71  000001                     	ds	2
    72                           
    73 ;;
    74 ;;Main: autosize = 0, tempsize = 2, incstack = 0, save=0
    75 ;;
    76 ;; *************** function _main *****************
    77 ;; Defined at:
    78 ;;		line 11 in file "main.c"
    79 ;; Parameters:    Size  Location     Type
    80 ;;		None
    81 ;; Auto vars:     Size  Location     Type
    82 ;;		None
    83 ;; Return value:  Size  Location     Type
    84 ;;                  1    wreg      void 
    85 ;; Registers used:
    86 ;;		wreg, status,2
    87 ;; Tracked objects:
    88 ;;		On entry : 0/0
    89 ;;		On exit  : 0/0
    90 ;;		Unchanged: 0/0
    91 ;; Data sizes:     COMRAM   BANK0   BANK1   BANK2   BANK3   BANK4   BANK5
    92 ;;      Params:         0       0       0       0       0       0       0
    93 ;;      Locals:         0       0       0       0       0       0       0
    94 ;;      Temps:          2       0       0       0       0       0       0
    95 ;;      Totals:         2       0       0       0       0       0       0
    96 ;;Total ram usage:        2 bytes
    97 ;; This function calls:
    98 ;;		Nothing
    99 ;; This function is called by:
   100 ;;		Startup code after reset
   101 ;; This function uses a non-reentrant model
   102 ;;
   103                           
   104                           	psect	text0
   105  007FBA                     __ptext0:
   106                           	opt callstack 0
   107  007FBA                     _main:
   108                           	opt callstack 31
   109                           
   110                           ;main.c: 12: TRISBbits.RB0 = 0;
   111                           
   112                           ;incstack = 0
   113  007FBA  9093               	bcf	147,0,c	;volatile
   114                           
   115                           ;main.c: 13: TRISBbits.RB1 = 0;
   116  007FBC  9293               	bcf	147,1,c	;volatile
   117                           
   118                           ;main.c: 14: TRISBbits.RB2 = 0;
   119  007FBE  9493               	bcf	147,2,c	;volatile
   120                           
   121                           ;main.c: 15: TRISBbits.RB3 = 0;
   122  007FC0  9693               	bcf	147,3,c	;volatile
   123                           
   124                           ;main.c: 16: TRISBbits.RB4 = 0;
   125  007FC2  9893               	bcf	147,4,c	;volatile
   126                           
   127                           ;main.c: 17: TRISBbits.RB5 = 0;
   128  007FC4  9A93               	bcf	147,5,c	;volatile
   129                           
   130                           ;main.c: 18: TRISBbits.RB6 = 0;
   131  007FC6  9C93               	bcf	147,6,c	;volatile
   132                           
   133                           ;main.c: 19: TRISBbits.RB7 = 0;
   134  007FC8  9E93               	bcf	147,7,c	;volatile
   135                           
   136                           ;main.c: 21: LATB = 0;
   137  007FCA  0E00               	movlw	0
   138  007FCC  6E8A               	movwf	138,c	;volatile
   139  007FCE                     l770:
   140                           
   141                           ;main.c: 24: LATBbits.LATB0 = 1;
   142  007FCE  808A               	bsf	138,0,c	;volatile
   143                           
   144                           ;main.c: 25: _delay((unsigned long)((60)*(4000000/4000.0)));
   145  007FD0  0E4E               	movlw	78
   146  007FD2  6E01               	movwf	??_main^0,c
   147  007FD4  0EEB               	movlw	235
   148  007FD6                     u17:
   149  007FD6  2EE8               	decfsz	wreg,f,c
   150  007FD8  D7FE               	bra	u17
   151  007FDA  2E01               	decfsz	??_main^0,f,c
   152  007FDC  D7FC               	bra	u17
   153  007FDE  F000               	nop	
   154                           
   155                           ;main.c: 26: __nop();
   156  007FE0  F000               	nop	
   157                           
   158                           ;main.c: 28: LATBbits.LATB0 = 0;
   159  007FE2  908A               	bcf	138,0,c	;volatile
   160                           
   161                           ;main.c: 29: _delay((unsigned long)((240)*(4000000/4000.0)));
   162  007FE4  0E02               	movlw	2
   163  007FE6  6E02               	movwf	(??_main+1)^0,c
   164  007FE8  0E38               	movlw	56
   165  007FEA  6E01               	movwf	??_main^0,c
   166  007FEC  0EAD               	movlw	173
   167  007FEE                     u27:
   168  007FEE  2EE8               	decfsz	wreg,f,c
   169  007FF0  D7FE               	bra	u27
   170  007FF2  2E01               	decfsz	??_main^0,f,c
   171  007FF4  D7FC               	bra	u27
   172  007FF6  2E02               	decfsz	(??_main+1)^0,f,c
   173  007FF8  D7FA               	bra	u27
   174  007FFA  F000               	nop	
   175                           
   176                           ;main.c: 30: __nop();
   177  007FFC  F000               	nop	
   178  007FFE  D7E7               	goto	l770
   179  008000                     __end_of_main:
   180                           	opt callstack 0
   181  0000                     
   182                           	psect	rparam
   183  0000                     tosu	equ	0xFFF
   184                           tosh	equ	0xFFE
   185                           tosl	equ	0xFFD
   186                           stkptr	equ	0xFFC
   187                           pclatu	equ	0xFFB
   188                           pclath	equ	0xFFA
   189                           pcl	equ	0xFF9
   190                           tblptru	equ	0xFF8
   191                           tblptrh	equ	0xFF7
   192                           tblptrl	equ	0xFF6
   193                           tablat	equ	0xFF5
   194                           prodh	equ	0xFF4
   195                           prodl	equ	0xFF3
   196                           indf0	equ	0xFEF
   197                           postinc0	equ	0xFEE
   198                           postdec0	equ	0xFED
   199                           preinc0	equ	0xFEC
   200                           plusw0	equ	0xFEB
   201                           fsr0h	equ	0xFEA
   202                           fsr0l	equ	0xFE9
   203                           wreg	equ	0xFE8
   204                           indf1	equ	0xFE7
   205                           postinc1	equ	0xFE6
   206                           postdec1	equ	0xFE5
   207                           preinc1	equ	0xFE4
   208                           plusw1	equ	0xFE3
   209                           fsr1h	equ	0xFE2
   210                           fsr1l	equ	0xFE1
   211                           bsr	equ	0xFE0
   212                           indf2	equ	0xFDF
   213                           postinc2	equ	0xFDE
   214                           postdec2	equ	0xFDD
   215                           preinc2	equ	0xFDC
   216                           plusw2	equ	0xFDB
   217                           fsr2h	equ	0xFDA
   218                           fsr2l	equ	0xFD9
   219                           status	equ	0xFD8


Data Sizes:
    Strings     0
    Constant    0
    Data        0
    BSS         0
    Persistent  0
    Stack       0

Auto Spaces:
    Space          Size  Autos    Used
    COMRAM          127      2       2
    BANK0           128      0       0
    BANK1           256      0       0
    BANK2           256      0       0
    BANK3           256      0       0
    BANK4           256      0       0
    BANK5           256      0       0

Pointer List with Targets:

    None.

Critical Paths under _main in COMRAM

    None.

Critical Paths under _main in BANK0

    None.

Critical Paths under _main in BANK1

    None.

Critical Paths under _main in BANK2

    None.

Critical Paths under _main in BANK3

    None.

Critical Paths under _main in BANK4

    None.

Critical Paths under _main in BANK5

    None.

Call Graph Tables:

 ---------------------------------------------------------------------------------
 (Depth) Function   	        Calls       Base Space   Used Autos Params    Refs
 ---------------------------------------------------------------------------------
 (0) _main                                                 2     2      0       0
                                              0 COMRAM     2     2      0
 ---------------------------------------------------------------------------------
 Estimated maximum stack depth 0
 ---------------------------------------------------------------------------------

 Call Graph Graphs:

 _main (ROOT)

 Address spaces:
Name               Size   Autos  Total    Cost      Usage
BITCOMRAM           7F      0       0       0        0.0%
EEDATA             100      0       0       0        0.0%
NULL                 0      0       0       0        0.0%
CODE                 0      0       0       0        0.0%
COMRAM              7F      2       2       1        1.6%
STACK                0      0       0       2        0.0%
DATA                 0      0       0       3        0.0%
BITBANK0            80      0       0       4        0.0%
BANK0               80      0       0       5        0.0%
BITBANK1           100      0       0       6        0.0%
BANK1              100      0       0       7        0.0%
BITBANK2           100      0       0       8        0.0%
BANK2              100      0       0       9        0.0%
BITBANK3           100      0       0      10        0.0%
BANK3              100      0       0      11        0.0%
BITBANK4           100      0       0      12        0.0%
BANK4              100      0       0      13        0.0%
BANK5              100      0       0      14        0.0%
ABS                  0      0       0      15        0.0%
BITBANK5           100      0       0      16        0.0%
BIGRAM             5FF      0       0      17        0.0%
BITSFR               0      0       0     200        0.0%
SFR                  0      0       0     200        0.0%


Microchip Technology PIC18 Macro Assembler V2.10 build 88905656 
Symbol Table                                                                                   Tue Feb 02 10:16:17 2021

                     u17 7FD6                       u27 7FEE              __CFG_BORV$3 000000  
           __CFG_CP0$OFF 000000             __CFG_CP1$OFF 000000             __CFG_CP2$OFF 000000  
           __CFG_CP3$OFF 000000              __CFG_OSC$XT 000000                      l770 7FCE  
           __CFG_CPB$OFF 000000             __CFG_CPD$OFF 000000                      wreg 000FE8  
           __CFG_LVP$OFF 000000             __CFG_WDT$OFF 000000                     _LATB 000F8A  
                   _main 7FBA                     start 0000            __CFG_IESO$OFF 000000  
          __CFG_MCLRE$ON 000000             ___param_bank 000000                    ?_main 0001  
          __CFG_PWRT$OFF 000000            __CFG_WRT0$OFF 000000            __CFG_WRT1$OFF 000000  
          __CFG_WRT2$OFF 000000            __CFG_WRT3$OFF 000000           __CFG_EBTR0$OFF 000000  
         __CFG_FCMEN$OFF 000000           __CFG_EBTR1$OFF 000000           __CFG_EBTR2$OFF 000000  
         __CFG_EBTR3$OFF 000000            __CFG_WRTB$OFF 000000            __CFG_WRTC$OFF 000000  
          __CFG_WRTD$OFF 000000           __CFG_EBTRB$OFF 000000           __CFG_BOREN$OFF 000000  
        __initialization 7FB4             __end_of_main 8000                   ??_main 0001  
          __activetblptr 000000           __CFG_XINST$OFF 000000           __CFG_STVREN$ON 000000  
             __accesstop 0080  __end_of__initialization 7FB4          __CFG_PBADEN$OFF 000000  
          ___rparam_used 000001           __pcstackCOMRAM 0001                  __Hparam 0000  
                __Lparam 0000                  __pcinit 7FB4                  __ramtop 0600  
                __ptext0 7FBA     end_of_initialization 7FB4                _TRISBbits 000F93  
    start_initialization 7FB4         __CFG_LPT1OSC$OFF 000000        __CFG_CCP2MX$PORTC 000000  
               _LATBbits 000F8A         __CFG_WDTPS$32768 000000                 __Hrparam 0000  
               __Lrparam 0000            __size_of_main 0046  
