

Microchip MPLAB XC8 Assembler V2.10 build 88905656 
                                                                                               Tue Feb 02 12:01:42 2021

Microchip MPLAB XC8 C Compiler v2.10 (Free license) build 20190730164152 Og9 
     1                           	processor	18F4520
     2                           	fnconf	rparam,??,?,0
     3                           	opt	pw 120
     4                           	opt	flic
     5                           	psect	bitnvCOMRAM,global,bit,class=COMRAM,space=1,delta=1,noexec
     6                           	psect	cinit,global,reloc=2,class=CODE,delta=1
     7                           	psect	cstackCOMRAM,global,class=COMRAM,space=1,delta=1,noexec
     8                           	psect	text0,global,reloc=2,class=CODE,delta=1
     9                           	psect	intsave_regs,global,class=BIGRAM,space=1,delta=1,noexec
    10                           	psect	rparam,global,class=COMRAM,space=1,delta=1,noexec
    11  0000                     
    12                           ; Version 2.10
    13                           ; Generated 31/07/2019 GMT
    14                           ; 
    15                           ; Copyright © 2019, Microchip Technology Inc. and its subsidiaries ("Microchip")
    16                           ; All rights reserved.
    17                           ; 
    18                           ; This software is developed by Microchip Technology Inc. and its subsidiaries ("Microch
      +                          ip").
    19                           ; 
    20                           ; Redistribution and use in source and binary forms, with or without modification, are
    21                           ; permitted provided that the following conditions are met:
    22                           ; 
    23                           ;     1. Redistributions of source code must retain the above copyright notice, this lis
      +                          t of
    24                           ;        conditions and the following disclaimer.
    25                           ; 
    26                           ;     2. Redistributions in binary form must reproduce the above copyright notice, this 
      +                          list
    27                           ;        of conditions and the following disclaimer in the documentation and/or other
    28                           ;        materials provided with the distribution.
    29                           ; 
    30                           ;     3. Microchip's name may not be used to endorse or promote products derived from th
      +                          is
    31                           ;        software without specific prior written permission.
    32                           ; 
    33                           ; THIS SOFTWARE IS PROVIDED BY MICROCHIP "AS IS" AND ANY EXPRESS OR IMPLIED WARRANTIES,
    34                           ; INCLUDING, BUT NOT LIMITED TO, THE IMPLIED WARRANTIES OF MERCHANTABILITY AND FITNESS F
      +                          OR
    35                           ; PURPOSE ARE DISCLAIMED.  IN NO EVENT SHALL MICROCHIP BE LIABLE FOR ANY DIRECT, INDIREC
      +                          T,
    36                           ; INCIDENTAL, SPECIAL, EXEMPLARY, OR CONSEQUENTIAL DAMAGES (INCLUDING BUT NOT LIMITED TO
    37                           ; PROCUREMENT OF SUBSTITUTE GOODS OR SERVICES; LOSS OF USE, DATA OR PROFITS; OR BUSINESS
    38                           ; INTERRUPTION) HOWSOEVER CAUSED AND ON ANY THEORY OF LIABILITY, WHETHER IN CONTRACT, ST
      +                          RICT
    39                           ; LIABILITY, OR TORT (INCLUDING NEGLIGENCE OR OTHERWISE) ARISING IN ANY WAY OUT OF THE U
      +                          SE OF
    40                           ; THIS SOFTWARE, EVEN IF ADVISED OF THE POSSIBILITY OF SUCH DAMAGE.
    41                           ; 
    42                           ; 
    43                           ; Code-generator required, PIC18F4520 Definitions
    44                           ; 
    45                           ; SFR Addresses
    46  0000                     
    47                           	psect	bitnvCOMRAM
    48  000028                     __pbitnvCOMRAM:
    49                           	opt callstack 0
    50  000028                     _shiftLeft:
    51                           	opt callstack 0
    52  000028                     	ds	1
    53  0000                     _LATB	set	3978
    54  0000                     _TRISB	set	3987
    55                           
    56                           ; #config settings
    57  0000                     
    58                           	psect	cinit
    59  007F84                     __pcinit:
    60                           	opt callstack 0
    61  007F84                     start_initialization:
    62                           	opt callstack 0
    63  007F84                     __initialization:
    64                           	opt callstack 0
    65  007F84                     end_of_initialization:
    66                           	opt callstack 0
    67  007F84                     __end_of__initialization:
    68                           	opt callstack 0
    69  007F84  0100               	movlb	0
    70  007F86  EFC5  F03F         	goto	_main	;jump to C main() function
    71                           
    72                           	psect	cstackCOMRAM
    73  000001                     __pcstackCOMRAM:
    74                           	opt callstack 0
    75  000001                     ??_main:
    76                           
    77                           ; 1 bytes @ 0x0
    78  000001                     	ds	2
    79  000003                     _main$38:
    80                           	opt callstack 0
    81                           
    82                           ; 2 bytes @ 0x2
    83  000003                     	ds	2
    84                           
    85 ;;
    86 ;;Main: autosize = 0, tempsize = 2, incstack = 0, save=0
    87 ;;
    88 ;; *************** function _main *****************
    89 ;; Defined at:
    90 ;;		line 11 in file "main.c"
    91 ;; Parameters:    Size  Location     Type
    92 ;;		None
    93 ;; Auto vars:     Size  Location     Type
    94 ;;		None
    95 ;; Return value:  Size  Location     Type
    96 ;;                  1    wreg      void 
    97 ;; Registers used:
    98 ;;		wreg, status,2, status,0
    99 ;; Tracked objects:
   100 ;;		On entry : 0/0
   101 ;;		On exit  : 0/0
   102 ;;		Unchanged: 0/0
   103 ;; Data sizes:     COMRAM   BANK0   BANK1   BANK2   BANK3   BANK4   BANK5
   104 ;;      Params:         0       0       0       0       0       0       0
   105 ;;      Locals:         2       0       0       0       0       0       0
   106 ;;      Temps:          2       0       0       0       0       0       0
   107 ;;      Totals:         4       0       0       0       0       0       0
   108 ;;Total ram usage:        4 bytes
   109 ;; This function calls:
   110 ;;		Nothing
   111 ;; This function is called by:
   112 ;;		Startup code after reset
   113 ;; This function uses a non-reentrant model
   114 ;;
   115                           
   116                           	psect	text0
   117  007F8A                     __ptext0:
   118                           	opt callstack 0
   119  007F8A                     _main:
   120                           	opt callstack 31
   121                           
   122                           ;main.c: 12: TRISB = 0b00000000;
   123                           
   124                           ;incstack = 0
   125  007F8A  0E00               	movlw	0
   126  007F8C  6E93               	movwf	147,c	;volatile
   127                           
   128                           ;main.c: 13: LATB = 0b0000001;
   129  007F8E  0E01               	movlw	1
   130  007F90  6E8A               	movwf	138,c	;volatile
   131                           
   132                           ;main.c: 14: shiftLeft = 1;
   133  007F92  8005               	bsf	(_shiftLeft/(0+8))^0,_shiftLeft& (0+7),c	;volatile
   134  007F94                     l840:
   135                           
   136                           ;main.c: 24: LATB = shiftLeft == 1 ? LATB << 1 : LATB >> 1;
   137  007F94  B005               	btfsc	(_shiftLeft/(0+8))^0,_shiftLeft& (0+7),c	;volatile
   138  007F96  D008               	goto	l844
   139  007F98  CF8A F001          	movff	3978,??_main	;volatile
   140  007F9C  90D8               	bcf	status,0,c
   141  007F9E  3201               	rrcf	??_main^0,f,c
   142  007FA0  5001               	movf	??_main^0,w,c
   143  007FA2  6E03               	movwf	_main$38^0,c
   144  007FA4  6A04               	clrf	(_main$38+1)^0,c
   145  007FA6  D005               	goto	l846
   146  007FA8                     l844:
   147  007FA8  90D8               	bcf	status,0,c
   148  007FAA  348A               	rlcf	138,w,c	;volatile
   149  007FAC  6E03               	movwf	_main$38^0,c
   150  007FAE  6A04               	clrf	(_main$38+1)^0,c
   151  007FB0  3604               	rlcf	(_main$38+1)^0,f,c
   152  007FB2                     l846:
   153  007FB2  C003  FF8A         	movff	_main$38,3978	;volatile
   154                           
   155                           ;main.c: 25: shiftLeft = (shiftLeft == 1 && LATB != 0b10000000) || (shiftLeft == 0 && LA
      +                          TB ==0b00000001);
   156  007FB6  A005               	btfss	(_shiftLeft/(0+8))^0,_shiftLeft& (0+7),c	;volatile
   157  007FB8  D004               	goto	u80
   158  007FBA  0E80               	movlw	128
   159  007FBC  188A               	xorwf	138,w,c	;volatile
   160  007FBE  A4D8               	btfss	status,2,c
   161  007FC0  D007               	goto	l19
   162  007FC2                     u80:
   163  007FC2  B005               	btfsc	(_shiftLeft/(0+8))^0,_shiftLeft& (0+7),c	;volatile
   164  007FC4  D003               	goto	u100
   165  007FC6  048A               	decf	138,w,c	;volatile
   166  007FC8  B4D8               	btfsc	status,2,c
   167  007FCA  D002               	goto	l19
   168  007FCC                     u100:
   169  007FCC  9005               	bcf	(_shiftLeft/(0+8))^0,_shiftLeft& (0+7),c	;volatile
   170  007FCE  D001               	goto	l854
   171  007FD0                     l19:
   172  007FD0  8005               	bsf	(_shiftLeft/(0+8))^0,_shiftLeft& (0+7),c	;volatile
   173  007FD2                     l854:
   174                           
   175                           ;main.c: 26: _delay((unsigned long)((250)*(4000000/4000.0)));
   176  007FD2  0E02               	movlw	2
   177  007FD4  6E02               	movwf	(??_main+1)^0,c
   178  007FD6  0E45               	movlw	69
   179  007FD8  6E01               	movwf	??_main^0,c
   180  007FDA  0EAA               	movlw	170
   181  007FDC                     u117:
   182  007FDC  2EE8               	decfsz	wreg,f,c
   183  007FDE  D7FE               	bra	u117
   184  007FE0  2E01               	decfsz	??_main^0,f,c
   185  007FE2  D7FC               	bra	u117
   186  007FE4  2E02               	decfsz	(??_main+1)^0,f,c
   187  007FE6  D7FA               	bra	u117
   188                           
   189                           ;main.c: 27: _delay((unsigned long)((250)*(4000000/4000.0)));
   190  007FE8  0E02               	movlw	2
   191  007FEA  6E02               	movwf	(??_main+1)^0,c
   192  007FEC  0E45               	movlw	69
   193  007FEE  6E01               	movwf	??_main^0,c
   194  007FF0  0EAA               	movlw	170
   195  007FF2                     u127:
   196  007FF2  2EE8               	decfsz	wreg,f,c
   197  007FF4  D7FE               	bra	u127
   198  007FF6  2E01               	decfsz	??_main^0,f,c
   199  007FF8  D7FC               	bra	u127
   200  007FFA  2E02               	decfsz	(??_main+1)^0,f,c
   201  007FFC  D7FA               	bra	u127
   202  007FFE  D7CA               	goto	l840
   203  008000                     __end_of_main:
   204                           	opt callstack 0
   205  0000                     
   206                           	psect	rparam
   207  0000                     tosu	equ	0xFFF
   208                           tosh	equ	0xFFE
   209                           tosl	equ	0xFFD
   210                           stkptr	equ	0xFFC
   211                           pclatu	equ	0xFFB
   212                           pclath	equ	0xFFA
   213                           pcl	equ	0xFF9
   214                           tblptru	equ	0xFF8
   215                           tblptrh	equ	0xFF7
   216                           tblptrl	equ	0xFF6
   217                           tablat	equ	0xFF5
   218                           prodh	equ	0xFF4
   219                           prodl	equ	0xFF3
   220                           indf0	equ	0xFEF
   221                           postinc0	equ	0xFEE
   222                           postdec0	equ	0xFED
   223                           preinc0	equ	0xFEC
   224                           plusw0	equ	0xFEB
   225                           fsr0h	equ	0xFEA
   226                           fsr0l	equ	0xFE9
   227                           wreg	equ	0xFE8
   228                           indf1	equ	0xFE7
   229                           postinc1	equ	0xFE6
   230                           postdec1	equ	0xFE5
   231                           preinc1	equ	0xFE4
   232                           plusw1	equ	0xFE3
   233                           fsr1h	equ	0xFE2
   234                           fsr1l	equ	0xFE1
   235                           bsr	equ	0xFE0
   236                           indf2	equ	0xFDF
   237                           postinc2	equ	0xFDE
   238                           postdec2	equ	0xFDD
   239                           preinc2	equ	0xFDC
   240                           plusw2	equ	0xFDB
   241                           fsr2h	equ	0xFDA
   242                           fsr2l	equ	0xFD9
   243                           status	equ	0xFD8


Data Sizes:
    Strings     0
    Constant    0
    Data        0
    BSS         0
    Persistent  0
    Stack       0

Auto Spaces:
    Space          Size  Autos    Used
    COMRAM          127      4       5
    BANK0           128      0       0
    BANK1           256      0       0
    BANK2           256      0       0
    BANK3           256      0       0
    BANK4           256      0       0
    BANK5           256      0       0

Pointer List with Targets:

    None.

Critical Paths under _main in COMRAM

    None.

Critical Paths under _main in BANK0

    None.

Critical Paths under _main in BANK1

    None.

Critical Paths under _main in BANK2

    None.

Critical Paths under _main in BANK3

    None.

Critical Paths under _main in BANK4

    None.

Critical Paths under _main in BANK5

    None.

Call Graph Tables:

 ---------------------------------------------------------------------------------
 (Depth) Function   	        Calls       Base Space   Used Autos Params    Refs
 ---------------------------------------------------------------------------------
 (0) _main                                                 4     4      0      24
                                              0 COMRAM     4     4      0
 ---------------------------------------------------------------------------------
 Estimated maximum stack depth 0
 ---------------------------------------------------------------------------------

 Call Graph Graphs:

 _main (ROOT)

 Address spaces:
Name               Size   Autos  Total    Cost      Usage
BITCOMRAM           7F      0       1       0        0.8%
EEDATA             100      0       0       0        0.0%
NULL                 0      0       0       0        0.0%
CODE                 0      0       0       0        0.0%
COMRAM              7F      4       5       1        3.9%
STACK                0      0       0       2        0.0%
DATA                 0      0       5       3        0.0%
BITBANK0            80      0       0       4        0.0%
BANK0               80      0       0       5        0.0%
BITBANK1           100      0       0       6        0.0%
BANK1              100      0       0       7        0.0%
BITBANK2           100      0       0       8        0.0%
BANK2              100      0       0       9        0.0%
BITBANK3           100      0       0      10        0.0%
BANK3              100      0       0      11        0.0%
BITBANK4           100      0       0      12        0.0%
BANK4              100      0       0      13        0.0%
BANK5              100      0       0      14        0.0%
ABS                  0      0       5      15        0.0%
BITBANK5           100      0       0      16        0.0%
BIGRAM             5FF      0       0      17        0.0%
BITSFR               0      0       0     200        0.0%
SFR                  0      0       0     200        0.0%


Microchip Technology PIC18 Macro Assembler V2.10 build 88905656 
Symbol Table                                                                                   Tue Feb 02 12:01:42 2021

                     l19 7FD0                       u80 7FC2              __CFG_BORV$3 000000  
           __CFG_CP0$OFF 000000             __CFG_CP1$OFF 000000             __CFG_CP2$OFF 000000  
           __CFG_CP3$OFF 000000              __CFG_OSC$XT 000000                      l840 7F94  
                    l844 7FA8                      l854 7FD2                      l846 7FB2  
           __CFG_CPB$OFF 000000                      u100 7FCC                      u117 7FDC  
                    u127 7FF2             __CFG_CPD$OFF 000000                      wreg 000FE8  
           __CFG_LVP$OFF 000000             __CFG_WDT$OFF 000000                     _LATB 000F8A  
                   _main 7F8A                     start 0000            __CFG_IESO$OFF 000000  
          __CFG_MCLRE$ON 000000             ___param_bank 000000                    ?_main 0001  
                  _TRISB 000F93            __CFG_PWRT$OFF 000000            __CFG_WRT0$OFF 000000  
          __CFG_WRT1$OFF 000000            __CFG_WRT2$OFF 000000            __CFG_WRT3$OFF 000000  
         __CFG_EBTR0$OFF 000000           __CFG_FCMEN$OFF 000000           __CFG_EBTR1$OFF 000000  
         __CFG_EBTR2$OFF 000000           __CFG_EBTR3$OFF 000000            __CFG_WRTB$OFF 000000  
          __CFG_WRTC$OFF 000000            __CFG_WRTD$OFF 000000           __CFG_EBTRB$OFF 000000  
         __CFG_BOREN$OFF 000000                    status 000FD8          __initialization 7F84  
           __end_of_main 8000                   ??_main 0001            __activetblptr 000000  
         __CFG_XINST$OFF 000000           __CFG_STVREN$ON 000000               __accesstop 0080  
__end_of__initialization 7F84          __CFG_PBADEN$OFF 000000            ___rparam_used 000001  
         __pcstackCOMRAM 0001                  __Hparam 0000                  __Lparam 0000  
                __pcinit 7F84                  _main$38 0003                  __ramtop 0600  
                __ptext0 7F8A     end_of_initialization 7F84            __pbitnvCOMRAM 0028  
    start_initialization 7F84         __CFG_LPT1OSC$OFF 000000        __CFG_CCP2MX$PORTC 000000  
              _shiftLeft 0028         __CFG_WDTPS$32768 000000                 __Hrparam 0000  
               __Lrparam 0000            __size_of_main 0076  
