

Microchip MPLAB XC8 Assembler V2.10 build 88905656 
                                                                                               Tue Feb 02 13:35:39 2021

Microchip MPLAB XC8 C Compiler v2.10 (Free license) build 20190730164152 Og9 
     1                           	processor	18F4520
     2                           	fnconf	rparam,??,?,0
     3                           	opt	pw 120
     4                           	opt	flic
     5                           	psect	cinit,global,reloc=2,class=CODE,delta=1
     6                           	psect	cstackCOMRAM,global,class=COMRAM,space=1,delta=1,noexec
     7                           	psect	text0,global,reloc=2,class=CODE,delta=1
     8                           	psect	intsave_regs,global,class=BIGRAM,space=1,delta=1,noexec
     9                           	psect	rparam,global,class=COMRAM,space=1,delta=1,noexec
    10  0000                     
    11                           ; Version 2.10
    12                           ; Generated 31/07/2019 GMT
    13                           ; 
    14                           ; Copyright © 2019, Microchip Technology Inc. and its subsidiaries ("Microchip")
    15                           ; All rights reserved.
    16                           ; 
    17                           ; This software is developed by Microchip Technology Inc. and its subsidiaries ("Microch
      +                          ip").
    18                           ; 
    19                           ; Redistribution and use in source and binary forms, with or without modification, are
    20                           ; permitted provided that the following conditions are met:
    21                           ; 
    22                           ;     1. Redistributions of source code must retain the above copyright notice, this lis
      +                          t of
    23                           ;        conditions and the following disclaimer.
    24                           ; 
    25                           ;     2. Redistributions in binary form must reproduce the above copyright notice, this 
      +                          list
    26                           ;        of conditions and the following disclaimer in the documentation and/or other
    27                           ;        materials provided with the distribution.
    28                           ; 
    29                           ;     3. Microchip's name may not be used to endorse or promote products derived from th
      +                          is
    30                           ;        software without specific prior written permission.
    31                           ; 
    32                           ; THIS SOFTWARE IS PROVIDED BY MICROCHIP "AS IS" AND ANY EXPRESS OR IMPLIED WARRANTIES,
    33                           ; INCLUDING, BUT NOT LIMITED TO, THE IMPLIED WARRANTIES OF MERCHANTABILITY AND FITNESS F
      +                          OR
    34                           ; PURPOSE ARE DISCLAIMED.  IN NO EVENT SHALL MICROCHIP BE LIABLE FOR ANY DIRECT, INDIREC
      +                          T,
    35                           ; INCIDENTAL, SPECIAL, EXEMPLARY, OR CONSEQUENTIAL DAMAGES (INCLUDING BUT NOT LIMITED TO
    36                           ; PROCUREMENT OF SUBSTITUTE GOODS OR SERVICES; LOSS OF USE, DATA OR PROFITS; OR BUSINESS
    37                           ; INTERRUPTION) HOWSOEVER CAUSED AND ON ANY THEORY OF LIABILITY, WHETHER IN CONTRACT, ST
      +                          RICT
    38                           ; LIABILITY, OR TORT (INCLUDING NEGLIGENCE OR OTHERWISE) ARISING IN ANY WAY OUT OF THE U
      +                          SE OF
    39                           ; THIS SOFTWARE, EVEN IF ADVISED OF THE POSSIBILITY OF SUCH DAMAGE.
    40                           ; 
    41                           ; 
    42                           ; Code-generator required, PIC18F4520 Definitions
    43                           ; 
    44                           ; SFR Addresses
    45  0000                     _LATBbits	set	3978
    46  0000                     _PORTBbits	set	3969
    47  0000                     _LATB	set	3978
    48  0000                     _TRISBbits	set	3987
    49                           
    50                           ; #config settings
    51  0000                     
    52                           	psect	cinit
    53  007FAA                     __pcinit:
    54                           	opt callstack 0
    55  007FAA                     start_initialization:
    56                           	opt callstack 0
    57  007FAA                     __initialization:
    58                           	opt callstack 0
    59  007FAA                     end_of_initialization:
    60                           	opt callstack 0
    61  007FAA                     __end_of__initialization:
    62                           	opt callstack 0
    63  007FAA  0100               	movlb	0
    64  007FAC  EFD8  F03F         	goto	_main	;jump to C main() function
    65                           
    66                           	psect	cstackCOMRAM
    67  000001                     __pcstackCOMRAM:
    68                           	opt callstack 0
    69  000001                     ??_main:
    70                           
    71                           ; 1 bytes @ 0x0
    72  000001                     	ds	1
    73  000002                     main@previousState:
    74                           	opt callstack 0
    75                           
    76                           ; 1 bytes @ 0x1
    77  000002                     	ds	1
    78  000003                     main@currentState:
    79                           	opt callstack 0
    80                           
    81                           ; 1 bytes @ 0x2
    82  000003                     	ds	1
    83                           
    84 ;;
    85 ;;Main: autosize = 0, tempsize = 1, incstack = 0, save=0
    86 ;;
    87 ;; *************** function _main *****************
    88 ;; Defined at:
    89 ;;		line 11 in file "main.c"
    90 ;; Parameters:    Size  Location     Type
    91 ;;		None
    92 ;; Auto vars:     Size  Location     Type
    93 ;;  currentState    1    2[COMRAM] unsigned char 
    94 ;;  previousStat    1    1[COMRAM] unsigned char 
    95 ;; Return value:  Size  Location     Type
    96 ;;                  1    wreg      void 
    97 ;; Registers used:
    98 ;;		wreg, status,2, status,0
    99 ;; Tracked objects:
   100 ;;		On entry : 0/0
   101 ;;		On exit  : 0/0
   102 ;;		Unchanged: 0/0
   103 ;; Data sizes:     COMRAM   BANK0   BANK1   BANK2   BANK3   BANK4   BANK5
   104 ;;      Params:         0       0       0       0       0       0       0
   105 ;;      Locals:         2       0       0       0       0       0       0
   106 ;;      Temps:          1       0       0       0       0       0       0
   107 ;;      Totals:         3       0       0       0       0       0       0
   108 ;;Total ram usage:        3 bytes
   109 ;; This function calls:
   110 ;;		Nothing
   111 ;; This function is called by:
   112 ;;		Startup code after reset
   113 ;; This function uses a non-reentrant model
   114 ;;
   115                           
   116                           	psect	text0
   117  007FB0                     __ptext0:
   118                           	opt callstack 0
   119  007FB0                     _main:
   120                           	opt callstack 31
   121                           
   122                           ;main.c: 12: TRISBbits.RB0 = 1;
   123                           
   124                           ;incstack = 0
   125  007FB0  8093               	bsf	147,0,c	;volatile
   126                           
   127                           ;main.c: 13: TRISBbits.RB1 = 0;
   128  007FB2  9293               	bcf	147,1,c	;volatile
   129                           
   130                           ;main.c: 14: LATB = 0;
   131  007FB4  0E00               	movlw	0
   132  007FB6  6E8A               	movwf	138,c	;volatile
   133                           
   134                           ;main.c: 15: char previousState = 0;
   135  007FB8  0E00               	movlw	0
   136  007FBA  6E02               	movwf	main@previousState^0,c
   137  007FBC                     l771:
   138                           
   139                           ;main.c: 17: char currentState = PORTBbits.RB0;
   140  007FBC  0E00               	movlw	0
   141  007FBE  B081               	btfsc	129,0,c	;volatile
   142  007FC0  0E01               	movlw	1
   143  007FC2  6E03               	movwf	main@currentState^0,c
   144                           
   145                           ;main.c: 18: if (currentState == 0 && previousState != currentState) {
   146  007FC4  5003               	movf	main@currentState^0,w,c
   147  007FC6  A4D8               	btfss	status,2,c
   148  007FC8  D018               	goto	l781
   149  007FCA  5003               	movf	main@currentState^0,w,c
   150  007FCC  1802               	xorwf	main@previousState^0,w,c
   151  007FCE  B4D8               	btfsc	status,2,c
   152  007FD0  D014               	goto	l781
   153                           
   154                           ;main.c: 19: LATBbits.LATB1 = !LATBbits.LATB1;
   155  007FD2  B28A               	btfsc	138,1,c	;volatile
   156  007FD4  D003               	goto	u30
   157  007FD6  6A01               	clrf	??_main^0,c
   158  007FD8  2A01               	incf	??_main^0,f,c
   159  007FDA  D001               	goto	u48
   160  007FDC                     u30:
   161  007FDC  6A01               	clrf	??_main^0,c
   162  007FDE                     u48:
   163  007FDE  4601               	rlncf	??_main^0,f,c
   164  007FE0  508A               	movf	138,w,c	;volatile
   165  007FE2  1801               	xorwf	??_main^0,w,c
   166  007FE4  0BFD               	andlw	-3
   167  007FE6  1801               	xorwf	??_main^0,w,c
   168  007FE8  6E8A               	movwf	138,c	;volatile
   169                           
   170                           ;main.c: 20: _delay((unsigned long)((20)*(4000000/4000.0)));
   171  007FEA  0E1A               	movlw	26
   172  007FEC  6E01               	movwf	??_main^0,c
   173  007FEE  0EF8               	movlw	248
   174  007FF0                     u57:
   175  007FF0  2EE8               	decfsz	wreg,f,c
   176  007FF2  D7FE               	bra	u57
   177  007FF4  2E01               	decfsz	??_main^0,f,c
   178  007FF6  D7FC               	bra	u57
   179  007FF8  D000               	nop2	
   180  007FFA                     l781:
   181                           
   182                           ;main.c: 21: };main.c: 22: previousState = currentState;
   183  007FFA  C003  F002         	movff	main@currentState,main@previousState
   184  007FFE  D7DE               	goto	l771
   185  008000                     __end_of_main:
   186                           	opt callstack 0
   187  0000                     
   188                           	psect	rparam
   189  0000                     tosu	equ	0xFFF
   190                           tosh	equ	0xFFE
   191                           tosl	equ	0xFFD
   192                           stkptr	equ	0xFFC
   193                           pclatu	equ	0xFFB
   194                           pclath	equ	0xFFA
   195                           pcl	equ	0xFF9
   196                           tblptru	equ	0xFF8
   197                           tblptrh	equ	0xFF7
   198                           tblptrl	equ	0xFF6
   199                           tablat	equ	0xFF5
   200                           prodh	equ	0xFF4
   201                           prodl	equ	0xFF3
   202                           indf0	equ	0xFEF
   203                           postinc0	equ	0xFEE
   204                           postdec0	equ	0xFED
   205                           preinc0	equ	0xFEC
   206                           plusw0	equ	0xFEB
   207                           fsr0h	equ	0xFEA
   208                           fsr0l	equ	0xFE9
   209                           wreg	equ	0xFE8
   210                           indf1	equ	0xFE7
   211                           postinc1	equ	0xFE6
   212                           postdec1	equ	0xFE5
   213                           preinc1	equ	0xFE4
   214                           plusw1	equ	0xFE3
   215                           fsr1h	equ	0xFE2
   216                           fsr1l	equ	0xFE1
   217                           bsr	equ	0xFE0
   218                           indf2	equ	0xFDF
   219                           postinc2	equ	0xFDE
   220                           postdec2	equ	0xFDD
   221                           preinc2	equ	0xFDC
   222                           plusw2	equ	0xFDB
   223                           fsr2h	equ	0xFDA
   224                           fsr2l	equ	0xFD9
   225                           status	equ	0xFD8


Data Sizes:
    Strings     0
    Constant    0
    Data        0
    BSS         0
    Persistent  0
    Stack       0

Auto Spaces:
    Space          Size  Autos    Used
    COMRAM          127      3       3
    BANK0           128      0       0
    BANK1           256      0       0
    BANK2           256      0       0
    BANK3           256      0       0
    BANK4           256      0       0
    BANK5           256      0       0

Pointer List with Targets:

    None.

Critical Paths under _main in COMRAM

    None.

Critical Paths under _main in BANK0

    None.

Critical Paths under _main in BANK1

    None.

Critical Paths under _main in BANK2

    None.

Critical Paths under _main in BANK3

    None.

Critical Paths under _main in BANK4

    None.

Critical Paths under _main in BANK5

    None.

Call Graph Tables:

 ---------------------------------------------------------------------------------
 (Depth) Function   	        Calls       Base Space   Used Autos Params    Refs
 ---------------------------------------------------------------------------------
 (0) _main                                                 3     3      0      60
                                              0 COMRAM     3     3      0
 ---------------------------------------------------------------------------------
 Estimated maximum stack depth 0
 ---------------------------------------------------------------------------------

 Call Graph Graphs:

 _main (ROOT)

 Address spaces:
Name               Size   Autos  Total    Cost      Usage
BITCOMRAM           7F      0       0       0        0.0%
EEDATA             100      0       0       0        0.0%
NULL                 0      0       0       0        0.0%
CODE                 0      0       0       0        0.0%
COMRAM              7F      3       3       1        2.4%
STACK                0      0       0       2        0.0%
DATA                 0      0       0       3        0.0%
BITBANK0            80      0       0       4        0.0%
BANK0               80      0       0       5        0.0%
BITBANK1           100      0       0       6        0.0%
BANK1              100      0       0       7        0.0%
BITBANK2           100      0       0       8        0.0%
BANK2              100      0       0       9        0.0%
BITBANK3           100      0       0      10        0.0%
BANK3              100      0       0      11        0.0%
BITBANK4           100      0       0      12        0.0%
BANK4              100      0       0      13        0.0%
BANK5              100      0       0      14        0.0%
ABS                  0      0       0      15        0.0%
BITBANK5           100      0       0      16        0.0%
BIGRAM             5FF      0       0      17        0.0%
BITSFR               0      0       0     200        0.0%
SFR                  0      0       0     200        0.0%


Microchip Technology PIC18 Macro Assembler V2.10 build 88905656 
Symbol Table                                                                                   Tue Feb 02 13:35:39 2021

                     u30 7FDC                       u48 7FDE                       u57 7FF0  
            __CFG_BORV$3 000000             __CFG_CP0$OFF 000000             __CFG_CP1$OFF 000000  
           __CFG_CP2$OFF 000000             __CFG_CP3$OFF 000000              __CFG_OSC$XT 000000  
                    l771 7FBC                      l781 7FFA             __CFG_CPB$OFF 000000  
           __CFG_CPD$OFF 000000                      wreg 000FE8             __CFG_LVP$OFF 000000  
           __CFG_WDT$OFF 000000                     _LATB 000F8A                     _main 7FB0  
                   start 0000            __CFG_IESO$OFF 000000            __CFG_MCLRE$ON 000000  
           ___param_bank 000000                    ?_main 0001            __CFG_PWRT$OFF 000000  
          __CFG_WRT0$OFF 000000            __CFG_WRT1$OFF 000000            __CFG_WRT2$OFF 000000  
          __CFG_WRT3$OFF 000000           __CFG_EBTR0$OFF 000000           __CFG_FCMEN$OFF 000000  
         __CFG_EBTR1$OFF 000000           __CFG_EBTR2$OFF 000000           __CFG_EBTR3$OFF 000000  
          __CFG_WRTB$OFF 000000            __CFG_WRTC$OFF 000000            __CFG_WRTD$OFF 000000  
         __CFG_EBTRB$OFF 000000           __CFG_BOREN$OFF 000000                    status 000FD8  
        __initialization 7FAA             __end_of_main 8000                   ??_main 0001  
          __activetblptr 000000           __CFG_XINST$OFF 000000           __CFG_STVREN$ON 000000  
             __accesstop 0080  __end_of__initialization 7FAA          __CFG_PBADEN$OFF 000000  
          ___rparam_used 000001           __pcstackCOMRAM 0001                  __Hparam 0000  
                __Lparam 0000                  __pcinit 7FAA                  __ramtop 0600  
                __ptext0 7FB0     end_of_initialization 7FAA                _PORTBbits 000F81  
              _TRISBbits 000F93         main@currentState 0003      start_initialization 7FAA  
       __CFG_LPT1OSC$OFF 000000        main@previousState 0002        __CFG_CCP2MX$PORTC 000000  
               _LATBbits 000F8A         __CFG_WDTPS$32768 000000                 __Hrparam 0000  
               __Lrparam 0000            __size_of_main 0050  
