

Microchip MPLAB XC8 Assembler V2.10 build 88905656 
                                                                                               Wed Feb 03 11:16:17 2021

Microchip MPLAB XC8 C Compiler v2.10 (Free license) build 20190730164152 Og9 
     1                           	processor	18F4520
     2                           	fnconf	rparam,??,?,0
     3                           	opt	pw 120
     4                           	opt	flic
     5                           	psect	cinit,global,reloc=2,class=CODE,delta=1
     6                           	psect	cstackCOMRAM,global,class=COMRAM,space=1,delta=1,noexec
     7                           	psect	text0,global,reloc=2,class=CODE,delta=1
     8                           	psect	intsave_regs,global,class=BIGRAM,space=1,delta=1,noexec
     9                           	psect	rparam,global,class=COMRAM,space=1,delta=1,noexec
    10  0000                     
    11                           ; Version 2.10
    12                           ; Generated 31/07/2019 GMT
    13                           ; 
    14                           ; Copyright © 2019, Microchip Technology Inc. and its subsidiaries ("Microchip")
    15                           ; All rights reserved.
    16                           ; 
    17                           ; This software is developed by Microchip Technology Inc. and its subsidiaries ("Microch
      +                          ip").
    18                           ; 
    19                           ; Redistribution and use in source and binary forms, with or without modification, are
    20                           ; permitted provided that the following conditions are met:
    21                           ; 
    22                           ;     1. Redistributions of source code must retain the above copyright notice, this lis
      +                          t of
    23                           ;        conditions and the following disclaimer.
    24                           ; 
    25                           ;     2. Redistributions in binary form must reproduce the above copyright notice, this 
      +                          list
    26                           ;        of conditions and the following disclaimer in the documentation and/or other
    27                           ;        materials provided with the distribution.
    28                           ; 
    29                           ;     3. Microchip's name may not be used to endorse or promote products derived from th
      +                          is
    30                           ;        software without specific prior written permission.
    31                           ; 
    32                           ; THIS SOFTWARE IS PROVIDED BY MICROCHIP "AS IS" AND ANY EXPRESS OR IMPLIED WARRANTIES,
    33                           ; INCLUDING, BUT NOT LIMITED TO, THE IMPLIED WARRANTIES OF MERCHANTABILITY AND FITNESS F
      +                          OR
    34                           ; PURPOSE ARE DISCLAIMED.  IN NO EVENT SHALL MICROCHIP BE LIABLE FOR ANY DIRECT, INDIREC
      +                          T,
    35                           ; INCIDENTAL, SPECIAL, EXEMPLARY, OR CONSEQUENTIAL DAMAGES (INCLUDING BUT NOT LIMITED TO
    36                           ; PROCUREMENT OF SUBSTITUTE GOODS OR SERVICES; LOSS OF USE, DATA OR PROFITS; OR BUSINESS
    37                           ; INTERRUPTION) HOWSOEVER CAUSED AND ON ANY THEORY OF LIABILITY, WHETHER IN CONTRACT, ST
      +                          RICT
    38                           ; LIABILITY, OR TORT (INCLUDING NEGLIGENCE OR OTHERWISE) ARISING IN ANY WAY OUT OF THE U
      +                          SE OF
    39                           ; THIS SOFTWARE, EVEN IF ADVISED OF THE POSSIBILITY OF SUCH DAMAGE.
    40                           ; 
    41                           ; 
    42                           ; Code-generator required, PIC18F4520 Definitions
    43                           ; 
    44                           ; SFR Addresses
    45  0000                     _LATB	set	3978
    46  0000                     _TRISB	set	3987
    47                           
    48                           ; #config settings
    49  0000                     
    50                           	psect	cinit
    51  007F76                     __pcinit:
    52                           	opt callstack 0
    53  007F76                     start_initialization:
    54                           	opt callstack 0
    55  007F76                     __initialization:
    56                           	opt callstack 0
    57  007F76                     end_of_initialization:
    58                           	opt callstack 0
    59  007F76                     __end_of__initialization:
    60                           	opt callstack 0
    61  007F76  0100               	movlb	0
    62  007F78  EFBE  F03F         	goto	_main	;jump to C main() function
    63                           
    64                           	psect	cstackCOMRAM
    65  000001                     __pcstackCOMRAM:
    66                           	opt callstack 0
    67  000001                     ??_main:
    68                           
    69                           ; 1 bytes @ 0x0
    70  000001                     	ds	2
    71  000003                     _main$38:
    72                           	opt callstack 0
    73                           
    74                           ; 2 bytes @ 0x2
    75  000003                     	ds	2
    76  000005                     _main$39:
    77                           	opt callstack 0
    78                           
    79                           ; 1 bytes @ 0x4
    80  000005                     	ds	1
    81  000006                     main@shiftLeft:
    82                           	opt callstack 0
    83                           
    84                           ; 1 bytes @ 0x5
    85  000006                     	ds	1
    86                           
    87 ;;
    88 ;;Main: autosize = 0, tempsize = 2, incstack = 0, save=0
    89 ;;
    90 ;; *************** function _main *****************
    91 ;; Defined at:
    92 ;;		line 10 in file "main.c"
    93 ;; Parameters:    Size  Location     Type
    94 ;;		None
    95 ;; Auto vars:     Size  Location     Type
    96 ;;  shiftLeft       1    5[COMRAM] volatile unsigned char 
    97 ;; Return value:  Size  Location     Type
    98 ;;                  1    wreg      void 
    99 ;; Registers used:
   100 ;;		wreg, status,2, status,0
   101 ;; Tracked objects:
   102 ;;		On entry : 0/0
   103 ;;		On exit  : 0/0
   104 ;;		Unchanged: 0/0
   105 ;; Data sizes:     COMRAM   BANK0   BANK1   BANK2   BANK3   BANK4   BANK5
   106 ;;      Params:         0       0       0       0       0       0       0
   107 ;;      Locals:         4       0       0       0       0       0       0
   108 ;;      Temps:          2       0       0       0       0       0       0
   109 ;;      Totals:         6       0       0       0       0       0       0
   110 ;;Total ram usage:        6 bytes
   111 ;; This function calls:
   112 ;;		Nothing
   113 ;; This function is called by:
   114 ;;		Startup code after reset
   115 ;; This function uses a non-reentrant model
   116 ;;
   117                           
   118                           	psect	text0
   119  007F7C                     __ptext0:
   120                           	opt callstack 0
   121  007F7C                     _main:
   122                           	opt callstack 31
   123                           
   124                           ;main.c: 11: TRISB = 0b00000000;
   125                           
   126                           ;incstack = 0
   127  007F7C  0E00               	movlw	0
   128  007F7E  6E93               	movwf	147,c	;volatile
   129                           
   130                           ;main.c: 12: LATB = 0b0000001;
   131  007F80  0E01               	movlw	1
   132  007F82  6E8A               	movwf	138,c	;volatile
   133                           
   134                           ;main.c: 13: volatile char shiftLeft = 1;
   135  007F84  0E01               	movlw	1
   136  007F86  6E06               	movwf	main@shiftLeft^0,c	;volatile
   137  007F88                     l842:
   138                           
   139                           ;main.c: 23: LATB = shiftLeft == 1 ? LATB << 1 : LATB >> 1;
   140  007F88  0406               	decf	main@shiftLeft^0,w,c	;volatile
   141  007F8A  B4D8               	btfsc	status,2,c
   142  007F8C  D008               	goto	l846
   143  007F8E  CF8A F001          	movff	3978,??_main	;volatile
   144  007F92  90D8               	bcf	status,0,c
   145  007F94  3201               	rrcf	??_main^0,f,c
   146  007F96  5001               	movf	??_main^0,w,c
   147  007F98  6E03               	movwf	_main$38^0,c
   148  007F9A  6A04               	clrf	(_main$38+1)^0,c
   149  007F9C  D005               	goto	l848
   150  007F9E                     l846:
   151  007F9E  90D8               	bcf	status,0,c
   152  007FA0  348A               	rlcf	138,w,c	;volatile
   153  007FA2  6E03               	movwf	_main$38^0,c
   154  007FA4  6A04               	clrf	(_main$38+1)^0,c
   155  007FA6  3604               	rlcf	(_main$38+1)^0,f,c
   156  007FA8                     l848:
   157  007FA8  C003  FF8A         	movff	_main$38,3978	;volatile
   158                           
   159                           ;main.c: 24: shiftLeft = (shiftLeft == 1 && LATB != 0b10000000);main.c: 25: || (shiftLef
      +                          t == 0 && LATB == 0b00000001);
   160  007FAC  0E01               	movlw	1
   161  007FAE  6E05               	movwf	_main$39^0,c
   162  007FB0  0406               	decf	main@shiftLeft^0,w,c	;volatile
   163  007FB2  A4D8               	btfss	status,2,c
   164  007FB4  D004               	goto	u80
   165  007FB6  0E80               	movlw	128
   166  007FB8  188A               	xorwf	138,w,c	;volatile
   167  007FBA  A4D8               	btfss	status,2,c
   168  007FBC  D008               	goto	l862
   169  007FBE                     u80:
   170  007FBE  5006               	movf	main@shiftLeft^0,w,c	;volatile
   171  007FC0  A4D8               	btfss	status,2,c
   172  007FC2  D003               	goto	u100
   173  007FC4  048A               	decf	138,w,c	;volatile
   174  007FC6  B4D8               	btfsc	status,2,c
   175  007FC8  D002               	goto	l862
   176  007FCA                     u100:
   177  007FCA  0E00               	movlw	0
   178  007FCC  6E05               	movwf	_main$39^0,c
   179  007FCE                     l862:
   180  007FCE  C005  F006         	movff	_main$39,main@shiftLeft	;volatile
   181                           
   182                           ;main.c: 26: _delay((unsigned long)((250)*(4000000/4000.0)));
   183  007FD2  0E02               	movlw	2
   184  007FD4  6E02               	movwf	(??_main+1)^0,c
   185  007FD6  0E45               	movlw	69
   186  007FD8  6E01               	movwf	??_main^0,c
   187  007FDA  0EAA               	movlw	170
   188  007FDC                     u117:
   189  007FDC  2EE8               	decfsz	wreg,f,c
   190  007FDE  D7FE               	bra	u117
   191  007FE0  2E01               	decfsz	??_main^0,f,c
   192  007FE2  D7FC               	bra	u117
   193  007FE4  2E02               	decfsz	(??_main+1)^0,f,c
   194  007FE6  D7FA               	bra	u117
   195                           
   196                           ;main.c: 27: _delay((unsigned long)((250)*(4000000/4000.0)));
   197  007FE8  0E02               	movlw	2
   198  007FEA  6E02               	movwf	(??_main+1)^0,c
   199  007FEC  0E45               	movlw	69
   200  007FEE  6E01               	movwf	??_main^0,c
   201  007FF0  0EAA               	movlw	170
   202  007FF2                     u127:
   203  007FF2  2EE8               	decfsz	wreg,f,c
   204  007FF4  D7FE               	bra	u127
   205  007FF6  2E01               	decfsz	??_main^0,f,c
   206  007FF8  D7FC               	bra	u127
   207  007FFA  2E02               	decfsz	(??_main+1)^0,f,c
   208  007FFC  D7FA               	bra	u127
   209  007FFE  D7C4               	goto	l842
   210  008000                     __end_of_main:
   211                           	opt callstack 0
   212  0000                     
   213                           	psect	rparam
   214  0000                     tosu	equ	0xFFF
   215                           tosh	equ	0xFFE
   216                           tosl	equ	0xFFD
   217                           stkptr	equ	0xFFC
   218                           pclatu	equ	0xFFB
   219                           pclath	equ	0xFFA
   220                           pcl	equ	0xFF9
   221                           tblptru	equ	0xFF8
   222                           tblptrh	equ	0xFF7
   223                           tblptrl	equ	0xFF6
   224                           tablat	equ	0xFF5
   225                           prodh	equ	0xFF4
   226                           prodl	equ	0xFF3
   227                           indf0	equ	0xFEF
   228                           postinc0	equ	0xFEE
   229                           postdec0	equ	0xFED
   230                           preinc0	equ	0xFEC
   231                           plusw0	equ	0xFEB
   232                           fsr0h	equ	0xFEA
   233                           fsr0l	equ	0xFE9
   234                           wreg	equ	0xFE8
   235                           indf1	equ	0xFE7
   236                           postinc1	equ	0xFE6
   237                           postdec1	equ	0xFE5
   238                           preinc1	equ	0xFE4
   239                           plusw1	equ	0xFE3
   240                           fsr1h	equ	0xFE2
   241                           fsr1l	equ	0xFE1
   242                           bsr	equ	0xFE0
   243                           indf2	equ	0xFDF
   244                           postinc2	equ	0xFDE
   245                           postdec2	equ	0xFDD
   246                           preinc2	equ	0xFDC
   247                           plusw2	equ	0xFDB
   248                           fsr2h	equ	0xFDA
   249                           fsr2l	equ	0xFD9
   250                           status	equ	0xFD8


Data Sizes:
    Strings     0
    Constant    0
    Data        0
    BSS         0
    Persistent  0
    Stack       0

Auto Spaces:
    Space          Size  Autos    Used
    COMRAM          127      6       6
    BANK0           128      0       0
    BANK1           256      0       0
    BANK2           256      0       0
    BANK3           256      0       0
    BANK4           256      0       0
    BANK5           256      0       0

Pointer List with Targets:

    None.

Critical Paths under _main in COMRAM

    None.

Critical Paths under _main in BANK0

    None.

Critical Paths under _main in BANK1

    None.

Critical Paths under _main in BANK2

    None.

Critical Paths under _main in BANK3

    None.

Critical Paths under _main in BANK4

    None.

Critical Paths under _main in BANK5

    None.

Call Graph Tables:

 ---------------------------------------------------------------------------------
 (Depth) Function   	        Calls       Base Space   Used Autos Params    Refs
 ---------------------------------------------------------------------------------
 (0) _main                                                 6     6      0     116
                                              0 COMRAM     6     6      0
 ---------------------------------------------------------------------------------
 Estimated maximum stack depth 0
 ---------------------------------------------------------------------------------

 Call Graph Graphs:

 _main (ROOT)

 Address spaces:
Name               Size   Autos  Total    Cost      Usage
BITCOMRAM           7F      0       0       0        0.0%
EEDATA             100      0       0       0        0.0%
NULL                 0      0       0       0        0.0%
CODE                 0      0       0       0        0.0%
COMRAM              7F      6       6       1        4.7%
STACK                0      0       0       2        0.0%
DATA                 0      0       0       3        0.0%
BITBANK0            80      0       0       4        0.0%
BANK0               80      0       0       5        0.0%
BITBANK1           100      0       0       6        0.0%
BANK1              100      0       0       7        0.0%
BITBANK2           100      0       0       8        0.0%
BANK2              100      0       0       9        0.0%
BITBANK3           100      0       0      10        0.0%
BANK3              100      0       0      11        0.0%
BITBANK4           100      0       0      12        0.0%
BANK4              100      0       0      13        0.0%
BANK5              100      0       0      14        0.0%
ABS                  0      0       0      15        0.0%
BITBANK5           100      0       0      16        0.0%
BIGRAM             5FF      0       0      17        0.0%
BITSFR               0      0       0     200        0.0%
SFR                  0      0       0     200        0.0%


Microchip Technology PIC18 Macro Assembler V2.10 build 88905656 
Symbol Table                                                                                   Wed Feb 03 11:16:17 2021

                     u80 7FBE              __CFG_BORV$3 000000             __CFG_CP0$OFF 000000  
           __CFG_CP1$OFF 000000             __CFG_CP2$OFF 000000             __CFG_CP3$OFF 000000  
            __CFG_OSC$XT 000000                      l842 7F88                      l862 7FCE  
                    l846 7F9E                      l848 7FA8             __CFG_CPB$OFF 000000  
                    u100 7FCA                      u117 7FDC                      u127 7FF2  
           __CFG_CPD$OFF 000000                      wreg 000FE8             __CFG_LVP$OFF 000000  
           __CFG_WDT$OFF 000000                     _LATB 000F8A                     _main 7F7C  
                   start 0000            __CFG_IESO$OFF 000000            __CFG_MCLRE$ON 000000  
           ___param_bank 000000                    ?_main 0001                    _TRISB 000F93  
          __CFG_PWRT$OFF 000000            __CFG_WRT0$OFF 000000            __CFG_WRT1$OFF 000000  
          __CFG_WRT2$OFF 000000            __CFG_WRT3$OFF 000000           __CFG_EBTR0$OFF 000000  
         __CFG_FCMEN$OFF 000000           __CFG_EBTR1$OFF 000000           __CFG_EBTR2$OFF 000000  
         __CFG_EBTR3$OFF 000000            __CFG_WRTB$OFF 000000            __CFG_WRTC$OFF 000000  
          __CFG_WRTD$OFF 000000           __CFG_EBTRB$OFF 000000           __CFG_BOREN$OFF 000000  
                  status 000FD8          __initialization 7F76             __end_of_main 8000  
                 ??_main 0001            __activetblptr 000000           __CFG_XINST$OFF 000000  
         __CFG_STVREN$ON 000000            main@shiftLeft 0006               __accesstop 0080  
__end_of__initialization 7F76          __CFG_PBADEN$OFF 000000            ___rparam_used 000001  
         __pcstackCOMRAM 0001                  __Hparam 0000                  __Lparam 0000  
                __pcinit 7F76                  _main$38 0003                  _main$39 0005  
                __ramtop 0600                  __ptext0 7F7C     end_of_initialization 7F76  
    start_initialization 7F76         __CFG_LPT1OSC$OFF 000000        __CFG_CCP2MX$PORTC 000000  
       __CFG_WDTPS$32768 000000                 __Hrparam 0000                 __Lrparam 0000  
          __size_of_main 0084  
