

Microchip MPLAB XC8 Assembler V2.10 build 88905656 
                                                                                               Thu Feb 04 14:02:54 2021

Microchip MPLAB XC8 C Compiler v2.10 (Free license) build 20190730164152 Og9 
     1                           	processor	18F4520
     2                           	fnconf	rparam,??,?,0
     3                           	opt	pw 120
     4                           	opt	flic
     5                           	psect	cinit,global,reloc=2,class=CODE,delta=1
     6                           	psect	cstackCOMRAM,global,class=COMRAM,space=1,delta=1,noexec
     7                           	psect	text0,global,reloc=2,class=CODE,delta=1
     8                           	psect	intsave_regs,global,class=BIGRAM,space=1,delta=1,noexec
     9                           	psect	rparam,global,class=COMRAM,space=1,delta=1,noexec
    10  0000                     
    11                           ; Version 2.10
    12                           ; Generated 31/07/2019 GMT
    13                           ; 
    14                           ; Copyright © 2019, Microchip Technology Inc. and its subsidiaries ("Microchip")
    15                           ; All rights reserved.
    16                           ; 
    17                           ; This software is developed by Microchip Technology Inc. and its subsidiaries ("Microch
      +                          ip").
    18                           ; 
    19                           ; Redistribution and use in source and binary forms, with or without modification, are
    20                           ; permitted provided that the following conditions are met:
    21                           ; 
    22                           ;     1. Redistributions of source code must retain the above copyright notice, this lis
      +                          t of
    23                           ;        conditions and the following disclaimer.
    24                           ; 
    25                           ;     2. Redistributions in binary form must reproduce the above copyright notice, this 
      +                          list
    26                           ;        of conditions and the following disclaimer in the documentation and/or other
    27                           ;        materials provided with the distribution.
    28                           ; 
    29                           ;     3. Microchip's name may not be used to endorse or promote products derived from th
      +                          is
    30                           ;        software without specific prior written permission.
    31                           ; 
    32                           ; THIS SOFTWARE IS PROVIDED BY MICROCHIP "AS IS" AND ANY EXPRESS OR IMPLIED WARRANTIES,
    33                           ; INCLUDING, BUT NOT LIMITED TO, THE IMPLIED WARRANTIES OF MERCHANTABILITY AND FITNESS F
      +                          OR
    34                           ; PURPOSE ARE DISCLAIMED.  IN NO EVENT SHALL MICROCHIP BE LIABLE FOR ANY DIRECT, INDIREC
      +                          T,
    35                           ; INCIDENTAL, SPECIAL, EXEMPLARY, OR CONSEQUENTIAL DAMAGES (INCLUDING BUT NOT LIMITED TO
    36                           ; PROCUREMENT OF SUBSTITUTE GOODS OR SERVICES; LOSS OF USE, DATA OR PROFITS; OR BUSINESS
    37                           ; INTERRUPTION) HOWSOEVER CAUSED AND ON ANY THEORY OF LIABILITY, WHETHER IN CONTRACT, ST
      +                          RICT
    38                           ; LIABILITY, OR TORT (INCLUDING NEGLIGENCE OR OTHERWISE) ARISING IN ANY WAY OUT OF THE U
      +                          SE OF
    39                           ; THIS SOFTWARE, EVEN IF ADVISED OF THE POSSIBILITY OF SUCH DAMAGE.
    40                           ; 
    41                           ; 
    42                           ; Code-generator required, PIC18F4520 Definitions
    43                           ; 
    44                           ; SFR Addresses
    45  0000                     _TMR1	set	4046
    46  0000                     _LATBbits	set	3978
    47  0000                     _PIR1bits	set	3998
    48  0000                     _TRISBbits	set	3987
    49  0000                     _T1CONbits	set	4045
    50                           
    51                           ; #config settings
    52  0000                     
    53                           	psect	cinit
    54  007FB6                     __pcinit:
    55                           	opt callstack 0
    56  007FB6                     start_initialization:
    57                           	opt callstack 0
    58  007FB6                     __initialization:
    59                           	opt callstack 0
    60  007FB6                     end_of_initialization:
    61                           	opt callstack 0
    62  007FB6                     __end_of__initialization:
    63                           	opt callstack 0
    64  007FB6  0100               	movlb	0
    65  007FB8  EFDE  F03F         	goto	_main	;jump to C main() function
    66                           
    67                           	psect	cstackCOMRAM
    68  000001                     __pcstackCOMRAM:
    69                           	opt callstack 0
    70  000001                     ??_main:
    71                           
    72                           ; 1 bytes @ 0x0
    73  000001                     	ds	1
    74                           
    75 ;;
    76 ;;Main: autosize = 0, tempsize = 1, incstack = 0, save=0
    77 ;;
    78 ;; *************** function _main *****************
    79 ;; Defined at:
    80 ;;		line 11 in file "main.c"
    81 ;; Parameters:    Size  Location     Type
    82 ;;		None
    83 ;; Auto vars:     Size  Location     Type
    84 ;;		None
    85 ;; Return value:  Size  Location     Type
    86 ;;                  1    wreg      void 
    87 ;; Registers used:
    88 ;;		wreg, status,2, status,0
    89 ;; Tracked objects:
    90 ;;		On entry : 0/0
    91 ;;		On exit  : 0/0
    92 ;;		Unchanged: 0/0
    93 ;; Data sizes:     COMRAM   BANK0   BANK1   BANK2   BANK3   BANK4   BANK5
    94 ;;      Params:         0       0       0       0       0       0       0
    95 ;;      Locals:         0       0       0       0       0       0       0
    96 ;;      Temps:          1       0       0       0       0       0       0
    97 ;;      Totals:         1       0       0       0       0       0       0
    98 ;;Total ram usage:        1 bytes
    99 ;; This function calls:
   100 ;;		Nothing
   101 ;; This function is called by:
   102 ;;		Startup code after reset
   103 ;; This function uses a non-reentrant model
   104 ;;
   105                           
   106                           	psect	text0
   107  007FBC                     __ptext0:
   108                           	opt callstack 0
   109  007FBC                     _main:
   110                           	opt callstack 31
   111                           
   112                           ;main.c: 12: T1CONbits.RD16 = 1;
   113                           
   114                           ;incstack = 0
   115  007FBC  8ECD               	bsf	205,7,c	;volatile
   116                           
   117                           ;main.c: 13: T1CONbits.T1RUN = 1;
   118  007FBE  8CCD               	bsf	205,6,c	;volatile
   119                           
   120                           ;main.c: 14: T1CONbits.T1CKPS = 0b00;
   121  007FC0  0ECF               	movlw	-49
   122  007FC2  16CD               	andwf	205,f,c	;volatile
   123                           
   124                           ;main.c: 15: T1CONbits.T1OSCEN = 1;
   125  007FC4  86CD               	bsf	205,3,c	;volatile
   126                           
   127                           ;main.c: 16: T1CONbits.T1SYNC = 1;
   128  007FC6  84CD               	bsf	205,2,c	;volatile
   129                           
   130                           ;main.c: 17: T1CONbits.TMR1CS = 1;
   131  007FC8  82CD               	bsf	205,1,c	;volatile
   132                           
   133                           ;main.c: 18: T1CONbits.TMR1ON = 1;
   134  007FCA  80CD               	bsf	205,0,c	;volatile
   135                           
   136                           ;main.c: 21: TRISBbits.RB0 = 0;
   137  007FCC  9093               	bcf	147,0,c	;volatile
   138                           
   139                           ;main.c: 22: TMR1 = 0x8000;
   140  007FCE  0E80               	movlw	128
   141  007FD0  6ECF               	movwf	207,c	;volatile
   142  007FD2  0E00               	movlw	0
   143  007FD4  6ECE               	movwf	206,c	;volatile
   144  007FD6                     l783:
   145                           
   146                           ;main.c: 25: __nop();
   147  007FD6  F000               	nop	
   148                           
   149                           ;main.c: 26: if (PIR1bits.TMR1IF) {
   150  007FD8  A09E               	btfss	158,0,c	;volatile
   151  007FDA  D7FD               	goto	l783
   152                           
   153                           ;main.c: 27: PIR1bits.TMR1IF = 0;
   154  007FDC  909E               	bcf	158,0,c	;volatile
   155                           
   156                           ;main.c: 28: TMR1 = 0x8000;
   157  007FDE  0E80               	movlw	128
   158  007FE0  6ECF               	movwf	207,c	;volatile
   159  007FE2  0E00               	movlw	0
   160  007FE4  6ECE               	movwf	206,c	;volatile
   161                           
   162                           ;main.c: 29: LATBbits.LATB0 = !LATBbits.LATB0;
   163  007FE6  B08A               	btfsc	138,0,c	;volatile
   164  007FE8  D003               	goto	u20
   165  007FEA  6A01               	clrf	??_main^0,c
   166  007FEC  2A01               	incf	??_main^0,f,c
   167  007FEE  D001               	goto	u38
   168  007FF0                     u20:
   169  007FF0  6A01               	clrf	??_main^0,c
   170  007FF2                     u38:
   171  007FF2  508A               	movf	138,w,c	;volatile
   172  007FF4  1801               	xorwf	??_main^0,w,c
   173  007FF6  0BFE               	andlw	-2
   174  007FF8  1801               	xorwf	??_main^0,w,c
   175  007FFA  6E8A               	movwf	138,c	;volatile
   176                           
   177                           ;main.c: 30: __nop();
   178  007FFC  F000               	nop	
   179  007FFE  D7EB               	goto	l783
   180  008000                     __end_of_main:
   181                           	opt callstack 0
   182  0000                     
   183                           	psect	rparam
   184  0000                     tosu	equ	0xFFF
   185                           tosh	equ	0xFFE
   186                           tosl	equ	0xFFD
   187                           stkptr	equ	0xFFC
   188                           pclatu	equ	0xFFB
   189                           pclath	equ	0xFFA
   190                           pcl	equ	0xFF9
   191                           tblptru	equ	0xFF8
   192                           tblptrh	equ	0xFF7
   193                           tblptrl	equ	0xFF6
   194                           tablat	equ	0xFF5
   195                           prodh	equ	0xFF4
   196                           prodl	equ	0xFF3
   197                           indf0	equ	0xFEF
   198                           postinc0	equ	0xFEE
   199                           postdec0	equ	0xFED
   200                           preinc0	equ	0xFEC
   201                           plusw0	equ	0xFEB
   202                           fsr0h	equ	0xFEA
   203                           fsr0l	equ	0xFE9
   204                           wreg	equ	0xFE8
   205                           indf1	equ	0xFE7
   206                           postinc1	equ	0xFE6
   207                           postdec1	equ	0xFE5
   208                           preinc1	equ	0xFE4
   209                           plusw1	equ	0xFE3
   210                           fsr1h	equ	0xFE2
   211                           fsr1l	equ	0xFE1
   212                           bsr	equ	0xFE0
   213                           indf2	equ	0xFDF
   214                           postinc2	equ	0xFDE
   215                           postdec2	equ	0xFDD
   216                           preinc2	equ	0xFDC
   217                           plusw2	equ	0xFDB
   218                           fsr2h	equ	0xFDA
   219                           fsr2l	equ	0xFD9
   220                           status	equ	0xFD8


Data Sizes:
    Strings     0
    Constant    0
    Data        0
    BSS         0
    Persistent  0
    Stack       0

Auto Spaces:
    Space          Size  Autos    Used
    COMRAM          127      1       1
    BANK0           128      0       0
    BANK1           256      0       0
    BANK2           256      0       0
    BANK3           256      0       0
    BANK4           256      0       0
    BANK5           256      0       0

Pointer List with Targets:

    None.

Critical Paths under _main in COMRAM

    None.

Critical Paths under _main in BANK0

    None.

Critical Paths under _main in BANK1

    None.

Critical Paths under _main in BANK2

    None.

Critical Paths under _main in BANK3

    None.

Critical Paths under _main in BANK4

    None.

Critical Paths under _main in BANK5

    None.

Call Graph Tables:

 ---------------------------------------------------------------------------------
 (Depth) Function   	        Calls       Base Space   Used Autos Params    Refs
 ---------------------------------------------------------------------------------
 (0) _main                                                 1     1      0       0
                                              0 COMRAM     1     1      0
 ---------------------------------------------------------------------------------
 Estimated maximum stack depth 0
 ---------------------------------------------------------------------------------

 Call Graph Graphs:

 _main (ROOT)

 Address spaces:
Name               Size   Autos  Total    Cost      Usage
BITCOMRAM           7F      0       0       0        0.0%
EEDATA             100      0       0       0        0.0%
NULL                 0      0       0       0        0.0%
CODE                 0      0       0       0        0.0%
COMRAM              7F      1       1       1        0.8%
STACK                0      0       0       2        0.0%
DATA                 0      0       0       3        0.0%
BITBANK0            80      0       0       4        0.0%
BANK0               80      0       0       5        0.0%
BITBANK1           100      0       0       6        0.0%
BANK1              100      0       0       7        0.0%
BITBANK2           100      0       0       8        0.0%
BANK2              100      0       0       9        0.0%
BITBANK3           100      0       0      10        0.0%
BANK3              100      0       0      11        0.0%
BITBANK4           100      0       0      12        0.0%
BANK4              100      0       0      13        0.0%
BANK5              100      0       0      14        0.0%
ABS                  0      0       0      15        0.0%
BITBANK5           100      0       0      16        0.0%
BIGRAM             5FF      0       0      17        0.0%
BITSFR               0      0       0     200        0.0%
SFR                  0      0       0     200        0.0%


Microchip Technology PIC18 Macro Assembler V2.10 build 88905656 
Symbol Table                                                                                   Thu Feb 04 14:02:54 2021

                     u20 7FF0                       u38 7FF2              __CFG_BORV$3 000000  
           __CFG_CP0$OFF 000000             __CFG_CP1$OFF 000000             __CFG_CP2$OFF 000000  
           __CFG_CP3$OFF 000000              __CFG_OSC$XT 000000                      l783 7FD6  
           __CFG_CPB$OFF 000000             __CFG_CPD$OFF 000000             __CFG_LVP$OFF 000000  
           __CFG_WDT$OFF 000000                     _TMR1 000FCE                     _main 7FBC  
                   start 0000            __CFG_IESO$OFF 000000            __CFG_MCLRE$ON 000000  
           ___param_bank 000000                    ?_main 0001            __CFG_PWRT$OFF 000000  
          __CFG_WRT0$OFF 000000            __CFG_WRT1$OFF 000000            __CFG_WRT2$OFF 000000  
          __CFG_WRT3$OFF 000000           __CFG_EBTR0$OFF 000000           __CFG_FCMEN$OFF 000000  
         __CFG_EBTR1$OFF 000000           __CFG_EBTR2$OFF 000000           __CFG_EBTR3$OFF 000000  
          __CFG_WRTB$OFF 000000            __CFG_WRTC$OFF 000000            __CFG_WRTD$OFF 000000  
         __CFG_EBTRB$OFF 000000           __CFG_BOREN$OFF 000000          __initialization 7FB6  
           __end_of_main 8000                   ??_main 0001            __activetblptr 000000  
         __CFG_XINST$OFF 000000           __CFG_STVREN$ON 000000               __accesstop 0080  
__end_of__initialization 7FB6          __CFG_PBADEN$OFF 000000            ___rparam_used 000001  
         __pcstackCOMRAM 0001                  __Hparam 0000                  __Lparam 0000  
                __pcinit 7FB6                  __ramtop 0600                  __ptext0 7FBC  
              _T1CONbits 000FCD     end_of_initialization 7FB6                _TRISBbits 000F93  
    start_initialization 7FB6         __CFG_LPT1OSC$OFF 000000        __CFG_CCP2MX$PORTC 000000  
               _LATBbits 000F8A                 _PIR1bits 000F9E         __CFG_WDTPS$32768 000000  
               __Hrparam 0000                 __Lrparam 0000            __size_of_main 0044  
